[0.857s] DEBUG:colcon:Command line arguments: ['/usr/bin/colcon', 'build', '--packages-select', 'py_pubsub']
[0.857s] DEBUG:colcon:Parsed command line arguments: Namespace(log_base=None, log_level=None, verb_name='build', build_base='build', install_base='install', merge_install=False, symlink_install=False, test_result_base=None, continue_on_error=False, executor='parallel', parallel_workers=6, event_handlers=None, ignore_user_meta=False, metas=['./colcon.meta'], base_paths=['.'], packages_ignore=None, packages_ignore_regex=None, paths=None, packages_up_to=None, packages_up_to_regex=None, packages_above=None, packages_above_and_dependencies=None, packages_above_depth=None, packages_select_by_dep=None, packages_skip_by_dep=None, packages_skip_up_to=None, packages_select_build_failed=False, packages_skip_build_finished=False, packages_select_test_failures=False, packages_skip_test_passed=False, packages_select=['py_pubsub'], packages_skip=None, packages_select_regex=None, packages_skip_regex=None, packages_start=None, packages_end=None, allow_overriding=[], cmake_args=None, cmake_target=None, cmake_target_skip_unavailable=False, cmake_clean_cache=False, cmake_clean_first=False, cmake_force_configure=False, ament_cmake_args=None, catkin_cmake_args=None, catkin_skip_building_tests=False, verb_parser=<colcon_defaults.argument_parser.defaults.DefaultArgumentsDecorator object at 0x7fd104aae680>, verb_extension=<colcon_core.verb.build.BuildVerb object at 0x7fd105420a00>, main=<bound method BuildVerb.main of <colcon_core.verb.build.BuildVerb object at 0x7fd105420a00>>)
[0.909s] Level 1:colcon.colcon_core.package_discovery:discover_packages(colcon_meta) check parameters
[0.910s] Level 1:colcon.colcon_core.package_discovery:discover_packages(recursive) check parameters
[0.910s] Level 1:colcon.colcon_core.package_discovery:discover_packages(ignore) check parameters
[0.910s] Level 1:colcon.colcon_core.package_discovery:discover_packages(path) check parameters
[0.910s] Level 1:colcon.colcon_core.package_discovery:discover_packages(colcon_meta) discover
[0.910s] Level 1:colcon.colcon_core.package_discovery:discover_packages(recursive) discover
[0.910s] INFO:colcon.colcon_core.package_discovery:Crawling recursively for packages in '/home/msappington11/ros2_ws/csce452-project3'
[0.910s] Level 1:colcon.colcon_core.package_identification:_identify(.) by extensions ['ignore', 'ignore_ament_install']
[0.910s] Level 1:colcon.colcon_core.package_identification:_identify(.) by extension 'ignore'
[0.910s] Level 1:colcon.colcon_core.package_identification:_identify(.) by extension 'ignore_ament_install'
[0.910s] Level 1:colcon.colcon_core.package_identification:_identify(.) by extensions ['colcon_pkg']
[0.910s] Level 1:colcon.colcon_core.package_identification:_identify(.) by extension 'colcon_pkg'
[0.910s] Level 1:colcon.colcon_core.package_identification:_identify(.) by extensions ['colcon_meta']
[0.910s] Level 1:colcon.colcon_core.package_identification:_identify(.) by extension 'colcon_meta'
[0.910s] Level 1:colcon.colcon_core.package_identification:_identify(.) by extensions ['ros']
[0.910s] Level 1:colcon.colcon_core.package_identification:_identify(.) by extension 'ros'
[0.935s] Level 1:colcon.colcon_core.package_identification:_identify(.) by extensions ['cmake', 'python']
[0.935s] Level 1:colcon.colcon_core.package_identification:_identify(.) by extension 'cmake'
[0.935s] Level 1:colcon.colcon_core.package_identification:_identify(.) by extension 'python'
[0.935s] Level 1:colcon.colcon_core.package_identification:_identify(.) by extensions ['python_setup_py']
[0.935s] Level 1:colcon.colcon_core.package_identification:_identify(.) by extension 'python_setup_py'
[0.935s] Level 1:colcon.colcon_core.package_identification:_identify(bags) by extensions ['ignore', 'ignore_ament_install']
[0.935s] Level 1:colcon.colcon_core.package_identification:_identify(bags) by extension 'ignore'
[0.935s] Level 1:colcon.colcon_core.package_identification:_identify(bags) by extension 'ignore_ament_install'
[0.935s] Level 1:colcon.colcon_core.package_identification:_identify(bags) by extensions ['colcon_pkg']
[0.935s] Level 1:colcon.colcon_core.package_identification:_identify(bags) by extension 'colcon_pkg'
[0.935s] Level 1:colcon.colcon_core.package_identification:_identify(bags) by extensions ['colcon_meta']
[0.935s] Level 1:colcon.colcon_core.package_identification:_identify(bags) by extension 'colcon_meta'
[0.935s] Level 1:colcon.colcon_core.package_identification:_identify(bags) by extensions ['ros']
[0.935s] Level 1:colcon.colcon_core.package_identification:_identify(bags) by extension 'ros'
[0.935s] Level 1:colcon.colcon_core.package_identification:_identify(bags) by extensions ['cmake', 'python']
[0.935s] Level 1:colcon.colcon_core.package_identification:_identify(bags) by extension 'cmake'
[0.936s] Level 1:colcon.colcon_core.package_identification:_identify(bags) by extension 'python'
[0.936s] Level 1:colcon.colcon_core.package_identification:_identify(bags) by extensions ['python_setup_py']
[0.936s] Level 1:colcon.colcon_core.package_identification:_identify(bags) by extension 'python_setup_py'
[0.936s] Level 1:colcon.colcon_core.package_identification:_identify(bags/example1) by extensions ['ignore', 'ignore_ament_install']
[0.936s] Level 1:colcon.colcon_core.package_identification:_identify(bags/example1) by extension 'ignore'
[0.936s] Level 1:colcon.colcon_core.package_identification:_identify(bags/example1) by extension 'ignore_ament_install'
[0.936s] Level 1:colcon.colcon_core.package_identification:_identify(bags/example1) by extensions ['colcon_pkg']
[0.936s] Level 1:colcon.colcon_core.package_identification:_identify(bags/example1) by extension 'colcon_pkg'
[0.936s] Level 1:colcon.colcon_core.package_identification:_identify(bags/example1) by extensions ['colcon_meta']
[0.936s] Level 1:colcon.colcon_core.package_identification:_identify(bags/example1) by extension 'colcon_meta'
[0.936s] Level 1:colcon.colcon_core.package_identification:_identify(bags/example1) by extensions ['ros']
[0.936s] Level 1:colcon.colcon_core.package_identification:_identify(bags/example1) by extension 'ros'
[0.936s] Level 1:colcon.colcon_core.package_identification:_identify(bags/example1) by extensions ['cmake', 'python']
[0.936s] Level 1:colcon.colcon_core.package_identification:_identify(bags/example1) by extension 'cmake'
[0.936s] Level 1:colcon.colcon_core.package_identification:_identify(bags/example1) by extension 'python'
[0.936s] Level 1:colcon.colcon_core.package_identification:_identify(bags/example1) by extensions ['python_setup_py']
[0.936s] Level 1:colcon.colcon_core.package_identification:_identify(bags/example1) by extension 'python_setup_py'
[0.936s] Level 1:colcon.colcon_core.package_identification:_identify(bags/example2) by extensions ['ignore', 'ignore_ament_install']
[0.937s] Level 1:colcon.colcon_core.package_identification:_identify(bags/example2) by extension 'ignore'
[0.937s] Level 1:colcon.colcon_core.package_identification:_identify(bags/example2) by extension 'ignore_ament_install'
[0.937s] Level 1:colcon.colcon_core.package_identification:_identify(bags/example2) by extensions ['colcon_pkg']
[0.937s] Level 1:colcon.colcon_core.package_identification:_identify(bags/example2) by extension 'colcon_pkg'
[0.937s] Level 1:colcon.colcon_core.package_identification:_identify(bags/example2) by extensions ['colcon_meta']
[0.937s] Level 1:colcon.colcon_core.package_identification:_identify(bags/example2) by extension 'colcon_meta'
[0.937s] Level 1:colcon.colcon_core.package_identification:_identify(bags/example2) by extensions ['ros']
[0.937s] Level 1:colcon.colcon_core.package_identification:_identify(bags/example2) by extension 'ros'
[0.937s] Level 1:colcon.colcon_core.package_identification:_identify(bags/example2) by extensions ['cmake', 'python']
[0.937s] Level 1:colcon.colcon_core.package_identification:_identify(bags/example2) by extension 'cmake'
[0.937s] Level 1:colcon.colcon_core.package_identification:_identify(bags/example2) by extension 'python'
[0.937s] Level 1:colcon.colcon_core.package_identification:_identify(bags/example2) by extensions ['python_setup_py']
[0.937s] Level 1:colcon.colcon_core.package_identification:_identify(bags/example2) by extension 'python_setup_py'
[0.937s] Level 1:colcon.colcon_core.package_identification:_identify(bags/example3) by extensions ['ignore', 'ignore_ament_install']
[0.937s] Level 1:colcon.colcon_core.package_identification:_identify(bags/example3) by extension 'ignore'
[0.937s] Level 1:colcon.colcon_core.package_identification:_identify(bags/example3) by extension 'ignore_ament_install'
[0.937s] Level 1:colcon.colcon_core.package_identification:_identify(bags/example3) by extensions ['colcon_pkg']
[0.937s] Level 1:colcon.colcon_core.package_identification:_identify(bags/example3) by extension 'colcon_pkg'
[0.937s] Level 1:colcon.colcon_core.package_identification:_identify(bags/example3) by extensions ['colcon_meta']
[0.938s] Level 1:colcon.colcon_core.package_identification:_identify(bags/example3) by extension 'colcon_meta'
[0.938s] Level 1:colcon.colcon_core.package_identification:_identify(bags/example3) by extensions ['ros']
[0.938s] Level 1:colcon.colcon_core.package_identification:_identify(bags/example3) by extension 'ros'
[0.938s] Level 1:colcon.colcon_core.package_identification:_identify(bags/example3) by extensions ['cmake', 'python']
[0.938s] Level 1:colcon.colcon_core.package_identification:_identify(bags/example3) by extension 'cmake'
[0.938s] Level 1:colcon.colcon_core.package_identification:_identify(bags/example3) by extension 'python'
[0.938s] Level 1:colcon.colcon_core.package_identification:_identify(bags/example3) by extensions ['python_setup_py']
[0.938s] Level 1:colcon.colcon_core.package_identification:_identify(bags/example3) by extension 'python_setup_py'
[0.938s] Level 1:colcon.colcon_core.package_identification:_identify(bags/example4) by extensions ['ignore', 'ignore_ament_install']
[0.938s] Level 1:colcon.colcon_core.package_identification:_identify(bags/example4) by extension 'ignore'
[0.938s] Level 1:colcon.colcon_core.package_identification:_identify(bags/example4) by extension 'ignore_ament_install'
[0.938s] Level 1:colcon.colcon_core.package_identification:_identify(bags/example4) by extensions ['colcon_pkg']
[0.938s] Level 1:colcon.colcon_core.package_identification:_identify(bags/example4) by extension 'colcon_pkg'
[0.938s] Level 1:colcon.colcon_core.package_identification:_identify(bags/example4) by extensions ['colcon_meta']
[0.938s] Level 1:colcon.colcon_core.package_identification:_identify(bags/example4) by extension 'colcon_meta'
[0.938s] Level 1:colcon.colcon_core.package_identification:_identify(bags/example4) by extensions ['ros']
[0.938s] Level 1:colcon.colcon_core.package_identification:_identify(bags/example4) by extension 'ros'
[0.939s] Level 1:colcon.colcon_core.package_identification:_identify(bags/example4) by extensions ['cmake', 'python']
[0.939s] Level 1:colcon.colcon_core.package_identification:_identify(bags/example4) by extension 'cmake'
[0.939s] Level 1:colcon.colcon_core.package_identification:_identify(bags/example4) by extension 'python'
[0.939s] Level 1:colcon.colcon_core.package_identification:_identify(bags/example4) by extensions ['python_setup_py']
[0.939s] Level 1:colcon.colcon_core.package_identification:_identify(bags/example4) by extension 'python_setup_py'
[0.939s] Level 1:colcon.colcon_core.package_identification:_identify(bags/example5) by extensions ['ignore', 'ignore_ament_install']
[0.939s] Level 1:colcon.colcon_core.package_identification:_identify(bags/example5) by extension 'ignore'
[0.939s] Level 1:colcon.colcon_core.package_identification:_identify(bags/example5) by extension 'ignore_ament_install'
[0.939s] Level 1:colcon.colcon_core.package_identification:_identify(bags/example5) by extensions ['colcon_pkg']
[0.939s] Level 1:colcon.colcon_core.package_identification:_identify(bags/example5) by extension 'colcon_pkg'
[0.939s] Level 1:colcon.colcon_core.package_identification:_identify(bags/example5) by extensions ['colcon_meta']
[0.939s] Level 1:colcon.colcon_core.package_identification:_identify(bags/example5) by extension 'colcon_meta'
[0.939s] Level 1:colcon.colcon_core.package_identification:_identify(bags/example5) by extensions ['ros']
[0.939s] Level 1:colcon.colcon_core.package_identification:_identify(bags/example5) by extension 'ros'
[0.939s] Level 1:colcon.colcon_core.package_identification:_identify(bags/example5) by extensions ['cmake', 'python']
[0.939s] Level 1:colcon.colcon_core.package_identification:_identify(bags/example5) by extension 'cmake'
[0.939s] Level 1:colcon.colcon_core.package_identification:_identify(bags/example5) by extension 'python'
[0.939s] Level 1:colcon.colcon_core.package_identification:_identify(bags/example5) by extensions ['python_setup_py']
[0.939s] Level 1:colcon.colcon_core.package_identification:_identify(bags/example5) by extension 'python_setup_py'
[0.939s] Level 1:colcon.colcon_core.package_identification:_identify(bags/example6) by extensions ['ignore', 'ignore_ament_install']
[0.940s] Level 1:colcon.colcon_core.package_identification:_identify(bags/example6) by extension 'ignore'
[0.940s] Level 1:colcon.colcon_core.package_identification:_identify(bags/example6) by extension 'ignore_ament_install'
[0.940s] Level 1:colcon.colcon_core.package_identification:_identify(bags/example6) by extensions ['colcon_pkg']
[0.940s] Level 1:colcon.colcon_core.package_identification:_identify(bags/example6) by extension 'colcon_pkg'
[0.940s] Level 1:colcon.colcon_core.package_identification:_identify(bags/example6) by extensions ['colcon_meta']
[0.940s] Level 1:colcon.colcon_core.package_identification:_identify(bags/example6) by extension 'colcon_meta'
[0.940s] Level 1:colcon.colcon_core.package_identification:_identify(bags/example6) by extensions ['ros']
[0.940s] Level 1:colcon.colcon_core.package_identification:_identify(bags/example6) by extension 'ros'
[0.940s] Level 1:colcon.colcon_core.package_identification:_identify(bags/example6) by extensions ['cmake', 'python']
[0.940s] Level 1:colcon.colcon_core.package_identification:_identify(bags/example6) by extension 'cmake'
[0.940s] Level 1:colcon.colcon_core.package_identification:_identify(bags/example6) by extension 'python'
[0.940s] Level 1:colcon.colcon_core.package_identification:_identify(bags/example6) by extensions ['python_setup_py']
[0.940s] Level 1:colcon.colcon_core.package_identification:_identify(bags/example6) by extension 'python_setup_py'
[0.940s] Level 1:colcon.colcon_core.package_identification:_identify(bags/example7) by extensions ['ignore', 'ignore_ament_install']
[0.940s] Level 1:colcon.colcon_core.package_identification:_identify(bags/example7) by extension 'ignore'
[0.940s] Level 1:colcon.colcon_core.package_identification:_identify(bags/example7) by extension 'ignore_ament_install'
[0.940s] Level 1:colcon.colcon_core.package_identification:_identify(bags/example7) by extensions ['colcon_pkg']
[0.940s] Level 1:colcon.colcon_core.package_identification:_identify(bags/example7) by extension 'colcon_pkg'
[0.940s] Level 1:colcon.colcon_core.package_identification:_identify(bags/example7) by extensions ['colcon_meta']
[0.940s] Level 1:colcon.colcon_core.package_identification:_identify(bags/example7) by extension 'colcon_meta'
[0.940s] Level 1:colcon.colcon_core.package_identification:_identify(bags/example7) by extensions ['ros']
[0.940s] Level 1:colcon.colcon_core.package_identification:_identify(bags/example7) by extension 'ros'
[0.941s] Level 1:colcon.colcon_core.package_identification:_identify(bags/example7) by extensions ['cmake', 'python']
[0.941s] Level 1:colcon.colcon_core.package_identification:_identify(bags/example7) by extension 'cmake'
[0.941s] Level 1:colcon.colcon_core.package_identification:_identify(bags/example7) by extension 'python'
[0.941s] Level 1:colcon.colcon_core.package_identification:_identify(bags/example7) by extensions ['python_setup_py']
[0.941s] Level 1:colcon.colcon_core.package_identification:_identify(bags/example7) by extension 'python_setup_py'
[0.941s] Level 1:colcon.colcon_core.package_identification:_identify(bags/example8) by extensions ['ignore', 'ignore_ament_install']
[0.941s] Level 1:colcon.colcon_core.package_identification:_identify(bags/example8) by extension 'ignore'
[0.941s] Level 1:colcon.colcon_core.package_identification:_identify(bags/example8) by extension 'ignore_ament_install'
[0.941s] Level 1:colcon.colcon_core.package_identification:_identify(bags/example8) by extensions ['colcon_pkg']
[0.941s] Level 1:colcon.colcon_core.package_identification:_identify(bags/example8) by extension 'colcon_pkg'
[0.941s] Level 1:colcon.colcon_core.package_identification:_identify(bags/example8) by extensions ['colcon_meta']
[0.941s] Level 1:colcon.colcon_core.package_identification:_identify(bags/example8) by extension 'colcon_meta'
[0.941s] Level 1:colcon.colcon_core.package_identification:_identify(bags/example8) by extensions ['ros']
[0.941s] Level 1:colcon.colcon_core.package_identification:_identify(bags/example8) by extension 'ros'
[0.941s] Level 1:colcon.colcon_core.package_identification:_identify(bags/example8) by extensions ['cmake', 'python']
[0.941s] Level 1:colcon.colcon_core.package_identification:_identify(bags/example8) by extension 'cmake'
[0.941s] Level 1:colcon.colcon_core.package_identification:_identify(bags/example8) by extension 'python'
[0.941s] Level 1:colcon.colcon_core.package_identification:_identify(bags/example8) by extensions ['python_setup_py']
[0.941s] Level 1:colcon.colcon_core.package_identification:_identify(bags/example8) by extension 'python_setup_py'
[0.942s] Level 1:colcon.colcon_core.package_identification:_identify(bags/example9) by extensions ['ignore', 'ignore_ament_install']
[0.942s] Level 1:colcon.colcon_core.package_identification:_identify(bags/example9) by extension 'ignore'
[0.942s] Level 1:colcon.colcon_core.package_identification:_identify(bags/example9) by extension 'ignore_ament_install'
[0.942s] Level 1:colcon.colcon_core.package_identification:_identify(bags/example9) by extensions ['colcon_pkg']
[0.942s] Level 1:colcon.colcon_core.package_identification:_identify(bags/example9) by extension 'colcon_pkg'
[0.942s] Level 1:colcon.colcon_core.package_identification:_identify(bags/example9) by extensions ['colcon_meta']
[0.942s] Level 1:colcon.colcon_core.package_identification:_identify(bags/example9) by extension 'colcon_meta'
[0.942s] Level 1:colcon.colcon_core.package_identification:_identify(bags/example9) by extensions ['ros']
[0.942s] Level 1:colcon.colcon_core.package_identification:_identify(bags/example9) by extension 'ros'
[0.942s] Level 1:colcon.colcon_core.package_identification:_identify(bags/example9) by extensions ['cmake', 'python']
[0.942s] Level 1:colcon.colcon_core.package_identification:_identify(bags/example9) by extension 'cmake'
[0.942s] Level 1:colcon.colcon_core.package_identification:_identify(bags/example9) by extension 'python'
[0.942s] Level 1:colcon.colcon_core.package_identification:_identify(bags/example9) by extensions ['python_setup_py']
[0.942s] Level 1:colcon.colcon_core.package_identification:_identify(bags/example9) by extension 'python_setup_py'
[0.942s] Level 1:colcon.colcon_core.package_identification:_identify(build) by extensions ['ignore', 'ignore_ament_install']
[0.942s] Level 1:colcon.colcon_core.package_identification:_identify(build) by extension 'ignore'
[0.942s] Level 1:colcon.colcon_core.package_identification:_identify(build) ignored
[0.943s] Level 1:colcon.colcon_core.package_identification:_identify(install) by extensions ['ignore', 'ignore_ament_install']
[0.943s] Level 1:colcon.colcon_core.package_identification:_identify(install) by extension 'ignore'
[0.943s] Level 1:colcon.colcon_core.package_identification:_identify(install) ignored
[0.943s] Level 1:colcon.colcon_core.package_identification:_identify(log) by extensions ['ignore', 'ignore_ament_install']
[0.943s] Level 1:colcon.colcon_core.package_identification:_identify(log) by extension 'ignore'
[0.943s] Level 1:colcon.colcon_core.package_identification:_identify(log) ignored
[0.943s] Level 1:colcon.colcon_core.package_identification:_identify(src) by extensions ['ignore', 'ignore_ament_install']
[0.943s] Level 1:colcon.colcon_core.package_identification:_identify(src) by extension 'ignore'
[0.943s] Level 1:colcon.colcon_core.package_identification:_identify(src) by extension 'ignore_ament_install'
[0.943s] Level 1:colcon.colcon_core.package_identification:_identify(src) by extensions ['colcon_pkg']
[0.943s] Level 1:colcon.colcon_core.package_identification:_identify(src) by extension 'colcon_pkg'
[0.943s] Level 1:colcon.colcon_core.package_identification:_identify(src) by extensions ['colcon_meta']
[0.943s] Level 1:colcon.colcon_core.package_identification:_identify(src) by extension 'colcon_meta'
[0.943s] Level 1:colcon.colcon_core.package_identification:_identify(src) by extensions ['ros']
[0.943s] Level 1:colcon.colcon_core.package_identification:_identify(src) by extension 'ros'
[0.943s] Level 1:colcon.colcon_core.package_identification:_identify(src) by extensions ['cmake', 'python']
[0.943s] Level 1:colcon.colcon_core.package_identification:_identify(src) by extension 'cmake'
[0.944s] Level 1:colcon.colcon_core.package_identification:_identify(src) by extension 'python'
[0.944s] Level 1:colcon.colcon_core.package_identification:_identify(src) by extensions ['python_setup_py']
[0.944s] Level 1:colcon.colcon_core.package_identification:_identify(src) by extension 'python_setup_py'
[0.944s] Level 1:colcon.colcon_core.package_identification:_identify(src/project3) by extensions ['ignore', 'ignore_ament_install']
[0.944s] Level 1:colcon.colcon_core.package_identification:_identify(src/project3) by extension 'ignore'
[0.944s] Level 1:colcon.colcon_core.package_identification:_identify(src/project3) by extension 'ignore_ament_install'
[0.944s] Level 1:colcon.colcon_core.package_identification:_identify(src/project3) by extensions ['colcon_pkg']
[0.944s] Level 1:colcon.colcon_core.package_identification:_identify(src/project3) by extension 'colcon_pkg'
[0.944s] Level 1:colcon.colcon_core.package_identification:_identify(src/project3) by extensions ['colcon_meta']
[0.944s] Level 1:colcon.colcon_core.package_identification:_identify(src/project3) by extension 'colcon_meta'
[0.944s] Level 1:colcon.colcon_core.package_identification:_identify(src/project3) by extensions ['ros']
[0.944s] Level 1:colcon.colcon_core.package_identification:_identify(src/project3) by extension 'ros'
[0.948s] DEBUG:colcon.colcon_core.package_identification:Package 'src/project3' with type 'ros.ament_python' and name 'project3'
[0.948s] Level 1:colcon.colcon_core.package_discovery:discover_packages(recursive) using defaults
[0.948s] Level 1:colcon.colcon_core.package_discovery:discover_packages(ignore) discover
[0.948s] Level 1:colcon.colcon_core.package_discovery:discover_packages(ignore) using defaults
[0.948s] Level 1:colcon.colcon_core.package_discovery:discover_packages(path) discover
[0.948s] Level 1:colcon.colcon_core.package_discovery:discover_packages(path) using defaults
[0.950s] WARNING:colcon.colcon_core.package_selection:ignoring unknown package 'py_pubsub' in --packages-select
[0.986s] INFO:colcon.colcon_core.package_selection:Skipping not selected package 'project3' in 'src/project3'
[0.987s] Level 1:colcon.colcon_core.package_discovery:discover_packages(prefix_path) check parameters
[0.987s] Level 1:colcon.colcon_core.package_discovery:discover_packages(prefix_path) discover
[0.993s] DEBUG:colcon.colcon_installed_package_information.package_discovery:Found 270 installed packages in /opt/ros/humble
[0.994s] Level 1:colcon.colcon_core.package_discovery:discover_packages(prefix_path) using defaults
[1.045s] INFO:colcon.colcon_core.executor:Executing jobs using 'parallel' executor
[1.048s] DEBUG:colcon.colcon_parallel_executor.executor.parallel:run_until_complete
[1.048s] DEBUG:colcon.colcon_parallel_executor.executor.parallel:closing loop
[1.048s] DEBUG:colcon.colcon_parallel_executor.executor.parallel:loop closed
[1.048s] DEBUG:colcon.colcon_parallel_executor.executor.parallel:run_until_complete finished with '0'
[1.048s] DEBUG:colcon.colcon_core.event_reactor:joining thread
[1.136s] INFO:colcon.colcon_core.plugin_system:Skipping extension 'colcon_notification.desktop_notification.notify_send': Could not find 'notify-send'
[1.137s] INFO:colcon.colcon_core.plugin_system:Skipping extension 'colcon_notification.desktop_notification.terminal_notifier': Not used on non-Darwin systems
[1.137s] INFO:colcon.colcon_core.plugin_system:Skipping extension 'colcon_notification.desktop_notification.win32': Not used on non-Windows systems
[1.137s] INFO:colcon.colcon_notification.desktop_notification:Sending desktop notification using 'notify2'
[1.257s] DEBUG:colcon.colcon_notification.desktop_notification.notify2:Failed to initialize notify2: org.freedesktop.DBus.Error.Spawn.ExecFailed: /usr/bin/dbus-launch terminated abnormally with the following error: Autolaunch error: X11 initialization failed.

[1.258s] DEBUG:colcon.colcon_core.event_reactor:joined thread
[1.271s] INFO:colcon.colcon_core.plugin_system:Skipping extension 'colcon_core.shell.bat': Not used on non-Windows systems
[1.271s] INFO:colcon.colcon_core.shell:Creating prefix script '/home/msappington11/ros2_ws/csce452-project3/install/local_setup.ps1'
[1.273s] INFO:colcon.colcon_core.shell:Creating prefix util module '/home/msappington11/ros2_ws/csce452-project3/install/_local_setup_util_ps1.py'
[1.274s] INFO:colcon.colcon_core.shell:Creating prefix chain script '/home/msappington11/ros2_ws/csce452-project3/install/setup.ps1'
[1.276s] INFO:colcon.colcon_core.shell:Creating prefix script '/home/msappington11/ros2_ws/csce452-project3/install/local_setup.sh'
[1.277s] INFO:colcon.colcon_core.shell:Creating prefix util module '/home/msappington11/ros2_ws/csce452-project3/install/_local_setup_util_sh.py'
[1.277s] INFO:colcon.colcon_core.shell:Creating prefix chain script '/home/msappington11/ros2_ws/csce452-project3/install/setup.sh'
[1.279s] INFO:colcon.colcon_core.shell:Creating prefix script '/home/msappington11/ros2_ws/csce452-project3/install/local_setup.bash'
[1.280s] INFO:colcon.colcon_core.shell:Creating prefix chain script '/home/msappington11/ros2_ws/csce452-project3/install/setup.bash'
[1.282s] INFO:colcon.colcon_core.shell:Creating prefix script '/home/msappington11/ros2_ws/csce452-project3/install/local_setup.zsh'
[1.283s] INFO:colcon.colcon_core.shell:Creating prefix chain script '/home/msappington11/ros2_ws/csce452-project3/install/setup.zsh'
