[0.576s] Invoking command in '/home/cwduffy01/school/csce452/project3/ros2_ws/src/project3': PYTHONPATH=/home/cwduffy01/school/csce452/project3/ros2_ws/build/project3/prefix_override:/home/cwduffy01/school/csce452/project3/ros2_ws/install/project3/lib/python3.10/site-packages:${PYTHONPATH} /usr/bin/python3 setup.py egg_info --egg-base ../../build/project3 build --build-base /home/cwduffy01/school/csce452/project3/ros2_ws/build/project3/build install --record /home/cwduffy01/school/csce452/project3/ros2_ws/build/project3/install.log --single-version-externally-managed
[0.756s] running egg_info
[0.756s] creating ../../build/project3/project3.egg-info
[0.756s] writing ../../build/project3/project3.egg-info/PKG-INFO
[0.757s] writing dependency_links to ../../build/project3/project3.egg-info/dependency_links.txt
[0.757s] writing entry points to ../../build/project3/project3.egg-info/entry_points.txt
[0.757s] writing requirements to ../../build/project3/project3.egg-info/requires.txt
[0.757s] writing top-level names to ../../build/project3/project3.egg-info/top_level.txt
[0.757s] writing manifest file '../../build/project3/project3.egg-info/SOURCES.txt'
[0.758s] reading manifest file '../../build/project3/project3.egg-info/SOURCES.txt'
[0.759s] writing manifest file '../../build/project3/project3.egg-info/SOURCES.txt'
[0.759s] running build
[0.759s] running build_py
[0.759s] creating /home/cwduffy01/school/csce452/project3/ros2_ws/build/project3/build
[0.760s] creating /home/cwduffy01/school/csce452/project3/ros2_ws/build/project3/build/lib
[0.760s] creating /home/cwduffy01/school/csce452/project3/ros2_ws/build/project3/build/lib/project3
[0.760s] copying project3/__init__.py -> /home/cwduffy01/school/csce452/project3/ros2_ws/build/project3/build/lib/project3
[0.760s] copying project3/track.py -> /home/cwduffy01/school/csce452/project3/ros2_ws/build/project3/build/lib/project3
[0.760s] running install
[0.760s] /usr/lib/python3/dist-packages/setuptools/command/install.py:34: SetuptoolsDeprecationWarning: setup.py install is deprecated. Use build and pip and other standards-based tools.
[0.760s]   warnings.warn(
[0.760s] running install_lib
[0.761s] creating /home/cwduffy01/school/csce452/project3/ros2_ws/install/project3/lib/python3.10/site-packages/project3
[0.761s] copying /home/cwduffy01/school/csce452/project3/ros2_ws/build/project3/build/lib/project3/__init__.py -> /home/cwduffy01/school/csce452/project3/ros2_ws/install/project3/lib/python3.10/site-packages/project3
[0.761s] copying /home/cwduffy01/school/csce452/project3/ros2_ws/build/project3/build/lib/project3/track.py -> /home/cwduffy01/school/csce452/project3/ros2_ws/install/project3/lib/python3.10/site-packages/project3
[0.762s] byte-compiling /home/cwduffy01/school/csce452/project3/ros2_ws/install/project3/lib/python3.10/site-packages/project3/__init__.py to __init__.cpython-310.pyc
[0.762s] byte-compiling /home/cwduffy01/school/csce452/project3/ros2_ws/install/project3/lib/python3.10/site-packages/project3/track.py to track.cpython-310.pyc
[0.762s] running install_data
[0.763s] creating /home/cwduffy01/school/csce452/project3/ros2_ws/install/project3/share/ament_index
[0.763s] creating /home/cwduffy01/school/csce452/project3/ros2_ws/install/project3/share/ament_index/resource_index
[0.763s] creating /home/cwduffy01/school/csce452/project3/ros2_ws/install/project3/share/ament_index/resource_index/packages
[0.763s] copying resource/project3 -> /home/cwduffy01/school/csce452/project3/ros2_ws/install/project3/share/ament_index/resource_index/packages
[0.763s] copying package.xml -> /home/cwduffy01/school/csce452/project3/ros2_ws/install/project3/share/project3
[0.763s] running install_egg_info
[0.765s] Copying ../../build/project3/project3.egg-info to /home/cwduffy01/school/csce452/project3/ros2_ws/install/project3/lib/python3.10/site-packages/project3-0.0.0-py3.10.egg-info
[0.766s] running install_scripts
[0.796s] Installing track script to /home/cwduffy01/school/csce452/project3/ros2_ws/install/project3/lib/project3
[0.796s] writing list of installed files to '/home/cwduffy01/school/csce452/project3/ros2_ws/build/project3/install.log'
[0.821s] Invoked command in '/home/cwduffy01/school/csce452/project3/ros2_ws/src/project3' returned '0': PYTHONPATH=/home/cwduffy01/school/csce452/project3/ros2_ws/build/project3/prefix_override:/home/cwduffy01/school/csce452/project3/ros2_ws/install/project3/lib/python3.10/site-packages:${PYTHONPATH} /usr/bin/python3 setup.py egg_info --egg-base ../../build/project3 build --build-base /home/cwduffy01/school/csce452/project3/ros2_ws/build/project3/build install --record /home/cwduffy01/school/csce452/project3/ros2_ws/build/project3/install.log --single-version-externally-managed
