[0.753s] Invoking command in '/home/cwduffy01/school/csce452/project3/ros2_ws/src/project3': PYTHONPATH=/home/cwduffy01/school/csce452/project3/ros2_ws/build/project3/prefix_override:/home/cwduffy01/school/csce452/project3/ros2_ws/install/project3/lib/python3.10/site-packages:${PYTHONPATH} WSLENV=ELECTRON_RUN_AS_NODE/w:WT_SESSION::WT_PROFILE_ID /usr/bin/python3 setup.py egg_info --egg-base ../../build/project3 build --build-base /home/cwduffy01/school/csce452/project3/ros2_ws/build/project3/build install --record /home/cwduffy01/school/csce452/project3/ros2_ws/build/project3/install.log --single-version-externally-managed
[0.958s] running egg_info
[0.958s] writing ../../build/project3/project3.egg-info/PKG-INFO
[0.959s] writing dependency_links to ../../build/project3/project3.egg-info/dependency_links.txt
[0.959s] writing entry points to ../../build/project3/project3.egg-info/entry_points.txt
[0.959s] writing requirements to ../../build/project3/project3.egg-info/requires.txt
[0.959s] writing top-level names to ../../build/project3/project3.egg-info/top_level.txt
[0.960s] reading manifest file '../../build/project3/project3.egg-info/SOURCES.txt'
[0.961s] writing manifest file '../../build/project3/project3.egg-info/SOURCES.txt'
[0.961s] running build
[0.961s] running build_py
[0.962s] /usr/lib/python3/dist-packages/setuptools/command/install.py:34: SetuptoolsDeprecationWarning: setup.py install is deprecated. Use build and pip and other standards-based tools.
[0.962s]   warnings.warn(
[0.962s] running install
[0.962s] running install_lib
[0.963s] running install_data
[0.964s] copying package.xml -> /home/cwduffy01/school/csce452/project3/ros2_ws/install/project3/share/project3
[0.964s] running install_egg_info
[0.965s] removing '/home/cwduffy01/school/csce452/project3/ros2_ws/install/project3/lib/python3.10/site-packages/project3-0.0.0-py3.10.egg-info' (and everything under it)
[0.965s] Copying ../../build/project3/project3.egg-info to /home/cwduffy01/school/csce452/project3/ros2_ws/install/project3/lib/python3.10/site-packages/project3-0.0.0-py3.10.egg-info
[0.966s] running install_scripts
[0.987s] Installing track script to /home/cwduffy01/school/csce452/project3/ros2_ws/install/project3/lib/project3
[0.987s] writing list of installed files to '/home/cwduffy01/school/csce452/project3/ros2_ws/build/project3/install.log'
[1.012s] Invoked command in '/home/cwduffy01/school/csce452/project3/ros2_ws/src/project3' returned '0': PYTHONPATH=/home/cwduffy01/school/csce452/project3/ros2_ws/build/project3/prefix_override:/home/cwduffy01/school/csce452/project3/ros2_ws/install/project3/lib/python3.10/site-packages:${PYTHONPATH} WSLENV=ELECTRON_RUN_AS_NODE/w:WT_SESSION::WT_PROFILE_ID /usr/bin/python3 setup.py egg_info --egg-base ../../build/project3 build --build-base /home/cwduffy01/school/csce452/project3/ros2_ws/build/project3/build install --record /home/cwduffy01/school/csce452/project3/ros2_ws/build/project3/install.log --single-version-externally-managed
