[0.727s] Invoking command in '/home/msappington11/ros2_ws/csce452-project3/src/project3': PYTHONPATH=/home/msappington11/ros2_ws/csce452-project3/build/project3/prefix_override:/home/msappington11/ros2_ws/csce452-project3/install/project3/lib/python3.10/site-packages:${PYTHONPATH} WSLENV=ELECTRON_RUN_AS_NODE/w: /usr/bin/python3 setup.py egg_info --egg-base ../../build/project3 build --build-base /home/msappington11/ros2_ws/csce452-project3/build/project3/build install --record /home/msappington11/ros2_ws/csce452-project3/build/project3/install.log --single-version-externally-managed
[0.995s] running egg_info
[0.996s] writing ../../build/project3/project3.egg-info/PKG-INFO
[0.996s] writing dependency_links to ../../build/project3/project3.egg-info/dependency_links.txt
[0.996s] writing entry points to ../../build/project3/project3.egg-info/entry_points.txt
[0.997s] writing requirements to ../../build/project3/project3.egg-info/requires.txt
[0.997s] writing top-level names to ../../build/project3/project3.egg-info/top_level.txt
[1.001s] reading manifest file '../../build/project3/project3.egg-info/SOURCES.txt'
[1.002s] writing manifest file '../../build/project3/project3.egg-info/SOURCES.txt'
[1.003s] running build
[1.003s] running build_py
[1.004s] copying project3/people.py -> /home/msappington11/ros2_ws/csce452-project3/build/project3/build/lib/project3
[1.004s] /usr/lib/python3/dist-packages/setuptools/command/install.py:34: SetuptoolsDeprecationWarning: setup.py install is deprecated. Use build and pip and other standards-based tools.
[1.005s]   warnings.warn(
[1.005s] running install
[1.005s] running install_lib
[1.005s] copying /home/msappington11/ros2_ws/csce452-project3/build/project3/build/lib/project3/people.py -> /home/msappington11/ros2_ws/csce452-project3/install/project3/lib/python3.10/site-packages/project3
[1.006s] byte-compiling /home/msappington11/ros2_ws/csce452-project3/install/project3/lib/python3.10/site-packages/project3/people.py to people.cpython-310.pyc
[1.007s] running install_data
[1.009s] running install_egg_info
[1.009s] removing '/home/msappington11/ros2_ws/csce452-project3/install/project3/lib/python3.10/site-packages/project3-0.0.0-py3.10.egg-info' (and everything under it)
[1.010s] Copying ../../build/project3/project3.egg-info to /home/msappington11/ros2_ws/csce452-project3/install/project3/lib/python3.10/site-packages/project3-0.0.0-py3.10.egg-info
[1.011s] running install_scripts
[1.031s] Installing people script to /home/msappington11/ros2_ws/csce452-project3/install/project3/lib/project3
[1.031s] Installing track script to /home/msappington11/ros2_ws/csce452-project3/install/project3/lib/project3
[1.032s] writing list of installed files to '/home/msappington11/ros2_ws/csce452-project3/build/project3/install.log'
[1.071s] Invoked command in '/home/msappington11/ros2_ws/csce452-project3/src/project3' returned '0': PYTHONPATH=/home/msappington11/ros2_ws/csce452-project3/build/project3/prefix_override:/home/msappington11/ros2_ws/csce452-project3/install/project3/lib/python3.10/site-packages:${PYTHONPATH} WSLENV=ELECTRON_RUN_AS_NODE/w: /usr/bin/python3 setup.py egg_info --egg-base ../../build/project3 build --build-base /home/msappington11/ros2_ws/csce452-project3/build/project3/build install --record /home/msappington11/ros2_ws/csce452-project3/build/project3/install.log --single-version-externally-managed
