[0.747s] Invoking command in '/home/msappington11/ros2_ws/csce452-project3/src/project3': PYTHONPATH=/home/msappington11/ros2_ws/csce452-project3/build/project3/prefix_override:/home/msappington11/ros2_ws/csce452-project3/install/project3/lib/python3.10/site-packages:${PYTHONPATH} WSLENV=ELECTRON_RUN_AS_NODE/w: /usr/bin/python3 setup.py egg_info --egg-base ../../build/project3 build --build-base /home/msappington11/ros2_ws/csce452-project3/build/project3/build install --record /home/msappington11/ros2_ws/csce452-project3/build/project3/install.log --single-version-externally-managed
[1.046s] running egg_info
[1.047s] writing ../../build/project3/project3.egg-info/PKG-INFO
[1.048s] writing dependency_links to ../../build/project3/project3.egg-info/dependency_links.txt
[1.048s] writing entry points to ../../build/project3/project3.egg-info/entry_points.txt
[1.048s] writing requirements to ../../build/project3/project3.egg-info/requires.txt
[1.048s] writing top-level names to ../../build/project3/project3.egg-info/top_level.txt
[1.051s] reading manifest file '../../build/project3/project3.egg-info/SOURCES.txt'
[1.052s] writing manifest file '../../build/project3/project3.egg-info/SOURCES.txt'
[1.052s] running build
[1.052s] running build_py
[1.052s] copying project3/people.py -> /home/msappington11/ros2_ws/csce452-project3/build/project3/build/lib/project3
[1.052s] running install
[1.052s] /usr/lib/python3/dist-packages/setuptools/command/install.py:34: SetuptoolsDeprecationWarning: setup.py install is deprecated. Use build and pip and other standards-based tools.
[1.052s]   warnings.warn(
[1.052s] running install_lib
[1.053s] copying /home/msappington11/ros2_ws/csce452-project3/build/project3/build/lib/project3/people.py -> /home/msappington11/ros2_ws/csce452-project3/install/project3/lib/python3.10/site-packages/project3
[1.054s] byte-compiling /home/msappington11/ros2_ws/csce452-project3/install/project3/lib/python3.10/site-packages/project3/people.py to people.cpython-310.pyc
[1.054s] Sorry: IndentationError: expected an indented block after function definition on line 38 (people.py, line 47)
[1.054s] running install_data
[1.055s] copying launch/launch.py -> /home/msappington11/ros2_ws/csce452-project3/install/project3/share/project3
[1.055s] running install_egg_info
[1.056s] removing '/home/msappington11/ros2_ws/csce452-project3/install/project3/lib/python3.10/site-packages/project3-0.0.0-py3.10.egg-info' (and everything under it)
[1.056s] Copying ../../build/project3/project3.egg-info to /home/msappington11/ros2_ws/csce452-project3/install/project3/lib/python3.10/site-packages/project3-0.0.0-py3.10.egg-info
[1.057s] running install_scripts
[1.078s] Installing people script to /home/msappington11/ros2_ws/csce452-project3/install/project3/lib/project3
[1.078s] Installing track script to /home/msappington11/ros2_ws/csce452-project3/install/project3/lib/project3
[1.079s] writing list of installed files to '/home/msappington11/ros2_ws/csce452-project3/build/project3/install.log'
[1.109s] Invoked command in '/home/msappington11/ros2_ws/csce452-project3/src/project3' returned '0': PYTHONPATH=/home/msappington11/ros2_ws/csce452-project3/build/project3/prefix_override:/home/msappington11/ros2_ws/csce452-project3/install/project3/lib/python3.10/site-packages:${PYTHONPATH} WSLENV=ELECTRON_RUN_AS_NODE/w: /usr/bin/python3 setup.py egg_info --egg-base ../../build/project3 build --build-base /home/msappington11/ros2_ws/csce452-project3/build/project3/build install --record /home/msappington11/ros2_ws/csce452-project3/build/project3/install.log --single-version-externally-managed
