[0.582s] Invoking command in '/home/msappington11/ros2_ws/csce452-project3/src/project3': PYTHONPATH=/home/msappington11/ros2_ws/csce452-project3/build/project3/prefix_override:/home/msappington11/ros2_ws/csce452-project3/install/project3/lib/python3.10/site-packages:${PYTHONPATH} WSLENV=ELECTRON_RUN_AS_NODE/w: /usr/bin/python3 setup.py egg_info --egg-base ../../build/project3 build --build-base /home/msappington11/ros2_ws/csce452-project3/build/project3/build install --record /home/msappington11/ros2_ws/csce452-project3/build/project3/install.log --single-version-externally-managed
[0.793s] running egg_info
[0.793s] writing ../../build/project3/project3.egg-info/PKG-INFO
[0.793s] writing dependency_links to ../../build/project3/project3.egg-info/dependency_links.txt
[0.794s] writing entry points to ../../build/project3/project3.egg-info/entry_points.txt
[0.794s] writing requirements to ../../build/project3/project3.egg-info/requires.txt
[0.794s] writing top-level names to ../../build/project3/project3.egg-info/top_level.txt
[0.796s] reading manifest file '../../build/project3/project3.egg-info/SOURCES.txt'
[0.796s] writing manifest file '../../build/project3/project3.egg-info/SOURCES.txt'
[0.797s] running build
[0.797s] running build_py
[0.797s] running install
[0.797s] /usr/lib/python3/dist-packages/setuptools/command/install.py:34: SetuptoolsDeprecationWarning: setup.py install is deprecated. Use build and pip and other standards-based tools.
[0.797s]   warnings.warn(
[0.797s] running install_lib
[0.798s] byte-compiling /home/msappington11/ros2_ws/csce452-project3/install/project3/lib/python3.10/site-packages/project3/track.py to track.cpython-310.pyc
[0.798s]   File "/home/msappington11/ros2_ws/csce452-project3/install/project3/lib/python3.10/site-packages/project3/track.py", line 1
[0.798s]     from sensor_msgs/msg import LaserScan 
[0.798s]                     ^
[0.798s] SyntaxError: invalid syntax
[0.798s] 
[0.799s] running install_data
[0.799s] copying package.xml -> /home/msappington11/ros2_ws/csce452-project3/install/project3/share/project3
[0.799s] running install_egg_info
[0.800s] removing '/home/msappington11/ros2_ws/csce452-project3/install/project3/lib/python3.10/site-packages/project3-0.0.0-py3.10.egg-info' (and everything under it)
[0.800s] Copying ../../build/project3/project3.egg-info to /home/msappington11/ros2_ws/csce452-project3/install/project3/lib/python3.10/site-packages/project3-0.0.0-py3.10.egg-info
[0.801s] running install_scripts
[0.819s] Installing track script to /home/msappington11/ros2_ws/csce452-project3/install/project3/lib/project3
[0.820s] writing list of installed files to '/home/msappington11/ros2_ws/csce452-project3/build/project3/install.log'
[0.841s] Invoked command in '/home/msappington11/ros2_ws/csce452-project3/src/project3' returned '0': PYTHONPATH=/home/msappington11/ros2_ws/csce452-project3/build/project3/prefix_override:/home/msappington11/ros2_ws/csce452-project3/install/project3/lib/python3.10/site-packages:${PYTHONPATH} WSLENV=ELECTRON_RUN_AS_NODE/w: /usr/bin/python3 setup.py egg_info --egg-base ../../build/project3 build --build-base /home/msappington11/ros2_ws/csce452-project3/build/project3/build install --record /home/msappington11/ros2_ws/csce452-project3/build/project3/install.log --single-version-externally-managed
