[0.502s] DEBUG:colcon:Command line arguments: ['/usr/bin/colcon', 'build']
[0.502s] DEBUG:colcon:Parsed command line arguments: Namespace(log_base=None, log_level=None, verb_name='build', build_base='build', install_base='install', merge_install=False, symlink_install=False, test_result_base=None, continue_on_error=False, executor='parallel', parallel_workers=12, event_handlers=None, ignore_user_meta=False, metas=['./colcon.meta'], base_paths=['.'], packages_ignore=None, packages_ignore_regex=None, paths=None, packages_up_to=None, packages_up_to_regex=None, packages_above=None, packages_above_and_dependencies=None, packages_above_depth=None, packages_select_by_dep=None, packages_skip_by_dep=None, packages_skip_up_to=None, packages_select_build_failed=False, packages_skip_build_finished=False, packages_select_test_failures=False, packages_skip_test_passed=False, packages_select=None, packages_skip=None, packages_select_regex=None, packages_skip_regex=None, packages_start=None, packages_end=None, allow_overriding=[], cmake_args=None, cmake_target=None, cmake_target_skip_unavailable=False, cmake_clean_cache=False, cmake_clean_first=False, cmake_force_configure=False, ament_cmake_args=None, catkin_cmake_args=None, catkin_skip_building_tests=False, verb_parser=<colcon_defaults.argument_parser.defaults.DefaultArgumentsDecorator object at 0x7f25454e9b40>, verb_extension=<colcon_core.verb.build.BuildVerb object at 0x7f2545cde980>, main=<bound method BuildVerb.main of <colcon_core.verb.build.BuildVerb object at 0x7f2545cde980>>)
[0.550s] Level 1:colcon.colcon_core.package_discovery:discover_packages(colcon_meta) check parameters
[0.550s] Level 1:colcon.colcon_core.package_discovery:discover_packages(recursive) check parameters
[0.550s] Level 1:colcon.colcon_core.package_discovery:discover_packages(ignore) check parameters
[0.550s] Level 1:colcon.colcon_core.package_discovery:discover_packages(path) check parameters
[0.550s] Level 1:colcon.colcon_core.package_discovery:discover_packages(colcon_meta) discover
[0.551s] Level 1:colcon.colcon_core.package_discovery:discover_packages(recursive) discover
[0.551s] INFO:colcon.colcon_core.package_discovery:Crawling recursively for packages in '/home/cwduffy01/school/csce452/project3/ros2_ws'
[0.551s] Level 1:colcon.colcon_core.package_identification:_identify(.) by extensions ['ignore', 'ignore_ament_install']
[0.551s] Level 1:colcon.colcon_core.package_identification:_identify(.) by extension 'ignore'
[0.551s] Level 1:colcon.colcon_core.package_identification:_identify(.) by extension 'ignore_ament_install'
[0.551s] Level 1:colcon.colcon_core.package_identification:_identify(.) by extensions ['colcon_pkg']
[0.551s] Level 1:colcon.colcon_core.package_identification:_identify(.) by extension 'colcon_pkg'
[0.551s] Level 1:colcon.colcon_core.package_identification:_identify(.) by extensions ['colcon_meta']
[0.551s] Level 1:colcon.colcon_core.package_identification:_identify(.) by extension 'colcon_meta'
[0.551s] Level 1:colcon.colcon_core.package_identification:_identify(.) by extensions ['ros']
[0.551s] Level 1:colcon.colcon_core.package_identification:_identify(.) by extension 'ros'
[0.579s] Level 1:colcon.colcon_core.package_identification:_identify(.) by extensions ['cmake', 'python']
[0.579s] Level 1:colcon.colcon_core.package_identification:_identify(.) by extension 'cmake'
[0.579s] Level 1:colcon.colcon_core.package_identification:_identify(.) by extension 'python'
[0.579s] Level 1:colcon.colcon_core.package_identification:_identify(.) by extensions ['python_setup_py']
[0.579s] Level 1:colcon.colcon_core.package_identification:_identify(.) by extension 'python_setup_py'
[0.579s] Level 1:colcon.colcon_core.package_identification:_identify(bags) by extensions ['ignore', 'ignore_ament_install']
[0.579s] Level 1:colcon.colcon_core.package_identification:_identify(bags) by extension 'ignore'
[0.579s] Level 1:colcon.colcon_core.package_identification:_identify(bags) by extension 'ignore_ament_install'
[0.580s] Level 1:colcon.colcon_core.package_identification:_identify(bags) by extensions ['colcon_pkg']
[0.580s] Level 1:colcon.colcon_core.package_identification:_identify(bags) by extension 'colcon_pkg'
[0.580s] Level 1:colcon.colcon_core.package_identification:_identify(bags) by extensions ['colcon_meta']
[0.580s] Level 1:colcon.colcon_core.package_identification:_identify(bags) by extension 'colcon_meta'
[0.580s] Level 1:colcon.colcon_core.package_identification:_identify(bags) by extensions ['ros']
[0.580s] Level 1:colcon.colcon_core.package_identification:_identify(bags) by extension 'ros'
[0.580s] Level 1:colcon.colcon_core.package_identification:_identify(bags) by extensions ['cmake', 'python']
[0.580s] Level 1:colcon.colcon_core.package_identification:_identify(bags) by extension 'cmake'
[0.580s] Level 1:colcon.colcon_core.package_identification:_identify(bags) by extension 'python'
[0.580s] Level 1:colcon.colcon_core.package_identification:_identify(bags) by extensions ['python_setup_py']
[0.580s] Level 1:colcon.colcon_core.package_identification:_identify(bags) by extension 'python_setup_py'
[0.580s] Level 1:colcon.colcon_core.package_identification:_identify(bags/example1) by extensions ['ignore', 'ignore_ament_install']
[0.581s] Level 1:colcon.colcon_core.package_identification:_identify(bags/example1) by extension 'ignore'
[0.581s] Level 1:colcon.colcon_core.package_identification:_identify(bags/example1) by extension 'ignore_ament_install'
[0.581s] Level 1:colcon.colcon_core.package_identification:_identify(bags/example1) by extensions ['colcon_pkg']
[0.581s] Level 1:colcon.colcon_core.package_identification:_identify(bags/example1) by extension 'colcon_pkg'
[0.581s] Level 1:colcon.colcon_core.package_identification:_identify(bags/example1) by extensions ['colcon_meta']
[0.581s] Level 1:colcon.colcon_core.package_identification:_identify(bags/example1) by extension 'colcon_meta'
[0.581s] Level 1:colcon.colcon_core.package_identification:_identify(bags/example1) by extensions ['ros']
[0.581s] Level 1:colcon.colcon_core.package_identification:_identify(bags/example1) by extension 'ros'
[0.581s] Level 1:colcon.colcon_core.package_identification:_identify(bags/example1) by extensions ['cmake', 'python']
[0.581s] Level 1:colcon.colcon_core.package_identification:_identify(bags/example1) by extension 'cmake'
[0.581s] Level 1:colcon.colcon_core.package_identification:_identify(bags/example1) by extension 'python'
[0.581s] Level 1:colcon.colcon_core.package_identification:_identify(bags/example1) by extensions ['python_setup_py']
[0.581s] Level 1:colcon.colcon_core.package_identification:_identify(bags/example1) by extension 'python_setup_py'
[0.581s] Level 1:colcon.colcon_core.package_identification:_identify(bags/example2) by extensions ['ignore', 'ignore_ament_install']
[0.582s] Level 1:colcon.colcon_core.package_identification:_identify(bags/example2) by extension 'ignore'
[0.582s] Level 1:colcon.colcon_core.package_identification:_identify(bags/example2) by extension 'ignore_ament_install'
[0.582s] Level 1:colcon.colcon_core.package_identification:_identify(bags/example2) by extensions ['colcon_pkg']
[0.582s] Level 1:colcon.colcon_core.package_identification:_identify(bags/example2) by extension 'colcon_pkg'
[0.582s] Level 1:colcon.colcon_core.package_identification:_identify(bags/example2) by extensions ['colcon_meta']
[0.582s] Level 1:colcon.colcon_core.package_identification:_identify(bags/example2) by extension 'colcon_meta'
[0.582s] Level 1:colcon.colcon_core.package_identification:_identify(bags/example2) by extensions ['ros']
[0.582s] Level 1:colcon.colcon_core.package_identification:_identify(bags/example2) by extension 'ros'
[0.582s] Level 1:colcon.colcon_core.package_identification:_identify(bags/example2) by extensions ['cmake', 'python']
[0.582s] Level 1:colcon.colcon_core.package_identification:_identify(bags/example2) by extension 'cmake'
[0.582s] Level 1:colcon.colcon_core.package_identification:_identify(bags/example2) by extension 'python'
[0.582s] Level 1:colcon.colcon_core.package_identification:_identify(bags/example2) by extensions ['python_setup_py']
[0.582s] Level 1:colcon.colcon_core.package_identification:_identify(bags/example2) by extension 'python_setup_py'
[0.582s] Level 1:colcon.colcon_core.package_identification:_identify(bags/example3) by extensions ['ignore', 'ignore_ament_install']
[0.582s] Level 1:colcon.colcon_core.package_identification:_identify(bags/example3) by extension 'ignore'
[0.582s] Level 1:colcon.colcon_core.package_identification:_identify(bags/example3) by extension 'ignore_ament_install'
[0.582s] Level 1:colcon.colcon_core.package_identification:_identify(bags/example3) by extensions ['colcon_pkg']
[0.582s] Level 1:colcon.colcon_core.package_identification:_identify(bags/example3) by extension 'colcon_pkg'
[0.582s] Level 1:colcon.colcon_core.package_identification:_identify(bags/example3) by extensions ['colcon_meta']
[0.582s] Level 1:colcon.colcon_core.package_identification:_identify(bags/example3) by extension 'colcon_meta'
[0.583s] Level 1:colcon.colcon_core.package_identification:_identify(bags/example3) by extensions ['ros']
[0.583s] Level 1:colcon.colcon_core.package_identification:_identify(bags/example3) by extension 'ros'
[0.583s] Level 1:colcon.colcon_core.package_identification:_identify(bags/example3) by extensions ['cmake', 'python']
[0.583s] Level 1:colcon.colcon_core.package_identification:_identify(bags/example3) by extension 'cmake'
[0.583s] Level 1:colcon.colcon_core.package_identification:_identify(bags/example3) by extension 'python'
[0.583s] Level 1:colcon.colcon_core.package_identification:_identify(bags/example3) by extensions ['python_setup_py']
[0.583s] Level 1:colcon.colcon_core.package_identification:_identify(bags/example3) by extension 'python_setup_py'
[0.583s] Level 1:colcon.colcon_core.package_identification:_identify(bags/example4) by extensions ['ignore', 'ignore_ament_install']
[0.583s] Level 1:colcon.colcon_core.package_identification:_identify(bags/example4) by extension 'ignore'
[0.583s] Level 1:colcon.colcon_core.package_identification:_identify(bags/example4) by extension 'ignore_ament_install'
[0.583s] Level 1:colcon.colcon_core.package_identification:_identify(bags/example4) by extensions ['colcon_pkg']
[0.583s] Level 1:colcon.colcon_core.package_identification:_identify(bags/example4) by extension 'colcon_pkg'
[0.583s] Level 1:colcon.colcon_core.package_identification:_identify(bags/example4) by extensions ['colcon_meta']
[0.583s] Level 1:colcon.colcon_core.package_identification:_identify(bags/example4) by extension 'colcon_meta'
[0.583s] Level 1:colcon.colcon_core.package_identification:_identify(bags/example4) by extensions ['ros']
[0.583s] Level 1:colcon.colcon_core.package_identification:_identify(bags/example4) by extension 'ros'
[0.583s] Level 1:colcon.colcon_core.package_identification:_identify(bags/example4) by extensions ['cmake', 'python']
[0.583s] Level 1:colcon.colcon_core.package_identification:_identify(bags/example4) by extension 'cmake'
[0.583s] Level 1:colcon.colcon_core.package_identification:_identify(bags/example4) by extension 'python'
[0.583s] Level 1:colcon.colcon_core.package_identification:_identify(bags/example4) by extensions ['python_setup_py']
[0.583s] Level 1:colcon.colcon_core.package_identification:_identify(bags/example4) by extension 'python_setup_py'
[0.584s] Level 1:colcon.colcon_core.package_identification:_identify(bags/example5) by extensions ['ignore', 'ignore_ament_install']
[0.584s] Level 1:colcon.colcon_core.package_identification:_identify(bags/example5) by extension 'ignore'
[0.584s] Level 1:colcon.colcon_core.package_identification:_identify(bags/example5) by extension 'ignore_ament_install'
[0.584s] Level 1:colcon.colcon_core.package_identification:_identify(bags/example5) by extensions ['colcon_pkg']
[0.584s] Level 1:colcon.colcon_core.package_identification:_identify(bags/example5) by extension 'colcon_pkg'
[0.584s] Level 1:colcon.colcon_core.package_identification:_identify(bags/example5) by extensions ['colcon_meta']
[0.584s] Level 1:colcon.colcon_core.package_identification:_identify(bags/example5) by extension 'colcon_meta'
[0.584s] Level 1:colcon.colcon_core.package_identification:_identify(bags/example5) by extensions ['ros']
[0.584s] Level 1:colcon.colcon_core.package_identification:_identify(bags/example5) by extension 'ros'
[0.584s] Level 1:colcon.colcon_core.package_identification:_identify(bags/example5) by extensions ['cmake', 'python']
[0.584s] Level 1:colcon.colcon_core.package_identification:_identify(bags/example5) by extension 'cmake'
[0.584s] Level 1:colcon.colcon_core.package_identification:_identify(bags/example5) by extension 'python'
[0.584s] Level 1:colcon.colcon_core.package_identification:_identify(bags/example5) by extensions ['python_setup_py']
[0.584s] Level 1:colcon.colcon_core.package_identification:_identify(bags/example5) by extension 'python_setup_py'
[0.584s] Level 1:colcon.colcon_core.package_identification:_identify(bags/example6) by extensions ['ignore', 'ignore_ament_install']
[0.584s] Level 1:colcon.colcon_core.package_identification:_identify(bags/example6) by extension 'ignore'
[0.584s] Level 1:colcon.colcon_core.package_identification:_identify(bags/example6) by extension 'ignore_ament_install'
[0.585s] Level 1:colcon.colcon_core.package_identification:_identify(bags/example6) by extensions ['colcon_pkg']
[0.585s] Level 1:colcon.colcon_core.package_identification:_identify(bags/example6) by extension 'colcon_pkg'
[0.585s] Level 1:colcon.colcon_core.package_identification:_identify(bags/example6) by extensions ['colcon_meta']
[0.585s] Level 1:colcon.colcon_core.package_identification:_identify(bags/example6) by extension 'colcon_meta'
[0.585s] Level 1:colcon.colcon_core.package_identification:_identify(bags/example6) by extensions ['ros']
[0.585s] Level 1:colcon.colcon_core.package_identification:_identify(bags/example6) by extension 'ros'
[0.585s] Level 1:colcon.colcon_core.package_identification:_identify(bags/example6) by extensions ['cmake', 'python']
[0.585s] Level 1:colcon.colcon_core.package_identification:_identify(bags/example6) by extension 'cmake'
[0.585s] Level 1:colcon.colcon_core.package_identification:_identify(bags/example6) by extension 'python'
[0.585s] Level 1:colcon.colcon_core.package_identification:_identify(bags/example6) by extensions ['python_setup_py']
[0.585s] Level 1:colcon.colcon_core.package_identification:_identify(bags/example6) by extension 'python_setup_py'
[0.585s] Level 1:colcon.colcon_core.package_identification:_identify(bags/example7) by extensions ['ignore', 'ignore_ament_install']
[0.585s] Level 1:colcon.colcon_core.package_identification:_identify(bags/example7) by extension 'ignore'
[0.585s] Level 1:colcon.colcon_core.package_identification:_identify(bags/example7) by extension 'ignore_ament_install'
[0.585s] Level 1:colcon.colcon_core.package_identification:_identify(bags/example7) by extensions ['colcon_pkg']
[0.585s] Level 1:colcon.colcon_core.package_identification:_identify(bags/example7) by extension 'colcon_pkg'
[0.585s] Level 1:colcon.colcon_core.package_identification:_identify(bags/example7) by extensions ['colcon_meta']
[0.585s] Level 1:colcon.colcon_core.package_identification:_identify(bags/example7) by extension 'colcon_meta'
[0.585s] Level 1:colcon.colcon_core.package_identification:_identify(bags/example7) by extensions ['ros']
[0.585s] Level 1:colcon.colcon_core.package_identification:_identify(bags/example7) by extension 'ros'
[0.585s] Level 1:colcon.colcon_core.package_identification:_identify(bags/example7) by extensions ['cmake', 'python']
[0.585s] Level 1:colcon.colcon_core.package_identification:_identify(bags/example7) by extension 'cmake'
[0.586s] Level 1:colcon.colcon_core.package_identification:_identify(bags/example7) by extension 'python'
[0.586s] Level 1:colcon.colcon_core.package_identification:_identify(bags/example7) by extensions ['python_setup_py']
[0.586s] Level 1:colcon.colcon_core.package_identification:_identify(bags/example7) by extension 'python_setup_py'
[0.586s] Level 1:colcon.colcon_core.package_identification:_identify(bags/example8) by extensions ['ignore', 'ignore_ament_install']
[0.586s] Level 1:colcon.colcon_core.package_identification:_identify(bags/example8) by extension 'ignore'
[0.586s] Level 1:colcon.colcon_core.package_identification:_identify(bags/example8) by extension 'ignore_ament_install'
[0.586s] Level 1:colcon.colcon_core.package_identification:_identify(bags/example8) by extensions ['colcon_pkg']
[0.586s] Level 1:colcon.colcon_core.package_identification:_identify(bags/example8) by extension 'colcon_pkg'
[0.586s] Level 1:colcon.colcon_core.package_identification:_identify(bags/example8) by extensions ['colcon_meta']
[0.586s] Level 1:colcon.colcon_core.package_identification:_identify(bags/example8) by extension 'colcon_meta'
[0.586s] Level 1:colcon.colcon_core.package_identification:_identify(bags/example8) by extensions ['ros']
[0.586s] Level 1:colcon.colcon_core.package_identification:_identify(bags/example8) by extension 'ros'
[0.586s] Level 1:colcon.colcon_core.package_identification:_identify(bags/example8) by extensions ['cmake', 'python']
[0.586s] Level 1:colcon.colcon_core.package_identification:_identify(bags/example8) by extension 'cmake'
[0.586s] Level 1:colcon.colcon_core.package_identification:_identify(bags/example8) by extension 'python'
[0.586s] Level 1:colcon.colcon_core.package_identification:_identify(bags/example8) by extensions ['python_setup_py']
[0.586s] Level 1:colcon.colcon_core.package_identification:_identify(bags/example8) by extension 'python_setup_py'
[0.586s] Level 1:colcon.colcon_core.package_identification:_identify(bags/example9) by extensions ['ignore', 'ignore_ament_install']
[0.587s] Level 1:colcon.colcon_core.package_identification:_identify(bags/example9) by extension 'ignore'
[0.587s] Level 1:colcon.colcon_core.package_identification:_identify(bags/example9) by extension 'ignore_ament_install'
[0.587s] Level 1:colcon.colcon_core.package_identification:_identify(bags/example9) by extensions ['colcon_pkg']
[0.587s] Level 1:colcon.colcon_core.package_identification:_identify(bags/example9) by extension 'colcon_pkg'
[0.587s] Level 1:colcon.colcon_core.package_identification:_identify(bags/example9) by extensions ['colcon_meta']
[0.587s] Level 1:colcon.colcon_core.package_identification:_identify(bags/example9) by extension 'colcon_meta'
[0.587s] Level 1:colcon.colcon_core.package_identification:_identify(bags/example9) by extensions ['ros']
[0.587s] Level 1:colcon.colcon_core.package_identification:_identify(bags/example9) by extension 'ros'
[0.587s] Level 1:colcon.colcon_core.package_identification:_identify(bags/example9) by extensions ['cmake', 'python']
[0.587s] Level 1:colcon.colcon_core.package_identification:_identify(bags/example9) by extension 'cmake'
[0.587s] Level 1:colcon.colcon_core.package_identification:_identify(bags/example9) by extension 'python'
[0.587s] Level 1:colcon.colcon_core.package_identification:_identify(bags/example9) by extensions ['python_setup_py']
[0.587s] Level 1:colcon.colcon_core.package_identification:_identify(bags/example9) by extension 'python_setup_py'
[0.588s] Level 1:colcon.colcon_core.package_identification:_identify(build) by extensions ['ignore', 'ignore_ament_install']
[0.588s] Level 1:colcon.colcon_core.package_identification:_identify(build) by extension 'ignore'
[0.588s] Level 1:colcon.colcon_core.package_identification:_identify(build) ignored
[0.588s] Level 1:colcon.colcon_core.package_identification:_identify(install) by extensions ['ignore', 'ignore_ament_install']
[0.588s] Level 1:colcon.colcon_core.package_identification:_identify(install) by extension 'ignore'
[0.589s] Level 1:colcon.colcon_core.package_identification:_identify(install) ignored
[0.589s] Level 1:colcon.colcon_core.package_identification:_identify(log) by extensions ['ignore', 'ignore_ament_install']
[0.589s] Level 1:colcon.colcon_core.package_identification:_identify(log) by extension 'ignore'
[0.589s] Level 1:colcon.colcon_core.package_identification:_identify(log) ignored
[0.589s] Level 1:colcon.colcon_core.package_identification:_identify(output) by extensions ['ignore', 'ignore_ament_install']
[0.589s] Level 1:colcon.colcon_core.package_identification:_identify(output) by extension 'ignore'
[0.589s] Level 1:colcon.colcon_core.package_identification:_identify(output) by extension 'ignore_ament_install'
[0.589s] Level 1:colcon.colcon_core.package_identification:_identify(output) by extensions ['colcon_pkg']
[0.589s] Level 1:colcon.colcon_core.package_identification:_identify(output) by extension 'colcon_pkg'
[0.589s] Level 1:colcon.colcon_core.package_identification:_identify(output) by extensions ['colcon_meta']
[0.589s] Level 1:colcon.colcon_core.package_identification:_identify(output) by extension 'colcon_meta'
[0.589s] Level 1:colcon.colcon_core.package_identification:_identify(output) by extensions ['ros']
[0.590s] Level 1:colcon.colcon_core.package_identification:_identify(output) by extension 'ros'
[0.590s] Level 1:colcon.colcon_core.package_identification:_identify(output) by extensions ['cmake', 'python']
[0.590s] Level 1:colcon.colcon_core.package_identification:_identify(output) by extension 'cmake'
[0.590s] Level 1:colcon.colcon_core.package_identification:_identify(output) by extension 'python'
[0.590s] Level 1:colcon.colcon_core.package_identification:_identify(output) by extensions ['python_setup_py']
[0.590s] Level 1:colcon.colcon_core.package_identification:_identify(output) by extension 'python_setup_py'
[0.590s] Level 1:colcon.colcon_core.package_identification:_identify(output/test) by extensions ['ignore', 'ignore_ament_install']
[0.590s] Level 1:colcon.colcon_core.package_identification:_identify(output/test) by extension 'ignore'
[0.590s] Level 1:colcon.colcon_core.package_identification:_identify(output/test) by extension 'ignore_ament_install'
[0.590s] Level 1:colcon.colcon_core.package_identification:_identify(output/test) by extensions ['colcon_pkg']
[0.590s] Level 1:colcon.colcon_core.package_identification:_identify(output/test) by extension 'colcon_pkg'
[0.590s] Level 1:colcon.colcon_core.package_identification:_identify(output/test) by extensions ['colcon_meta']
[0.590s] Level 1:colcon.colcon_core.package_identification:_identify(output/test) by extension 'colcon_meta'
[0.590s] Level 1:colcon.colcon_core.package_identification:_identify(output/test) by extensions ['ros']
[0.590s] Level 1:colcon.colcon_core.package_identification:_identify(output/test) by extension 'ros'
[0.590s] Level 1:colcon.colcon_core.package_identification:_identify(output/test) by extensions ['cmake', 'python']
[0.590s] Level 1:colcon.colcon_core.package_identification:_identify(output/test) by extension 'cmake'
[0.590s] Level 1:colcon.colcon_core.package_identification:_identify(output/test) by extension 'python'
[0.590s] Level 1:colcon.colcon_core.package_identification:_identify(output/test) by extensions ['python_setup_py']
[0.590s] Level 1:colcon.colcon_core.package_identification:_identify(output/test) by extension 'python_setup_py'
[0.591s] Level 1:colcon.colcon_core.package_identification:_identify(src) by extensions ['ignore', 'ignore_ament_install']
[0.591s] Level 1:colcon.colcon_core.package_identification:_identify(src) by extension 'ignore'
[0.591s] Level 1:colcon.colcon_core.package_identification:_identify(src) by extension 'ignore_ament_install'
[0.591s] Level 1:colcon.colcon_core.package_identification:_identify(src) by extensions ['colcon_pkg']
[0.591s] Level 1:colcon.colcon_core.package_identification:_identify(src) by extension 'colcon_pkg'
[0.591s] Level 1:colcon.colcon_core.package_identification:_identify(src) by extensions ['colcon_meta']
[0.591s] Level 1:colcon.colcon_core.package_identification:_identify(src) by extension 'colcon_meta'
[0.591s] Level 1:colcon.colcon_core.package_identification:_identify(src) by extensions ['ros']
[0.591s] Level 1:colcon.colcon_core.package_identification:_identify(src) by extension 'ros'
[0.591s] Level 1:colcon.colcon_core.package_identification:_identify(src) by extensions ['cmake', 'python']
[0.591s] Level 1:colcon.colcon_core.package_identification:_identify(src) by extension 'cmake'
[0.591s] Level 1:colcon.colcon_core.package_identification:_identify(src) by extension 'python'
[0.591s] Level 1:colcon.colcon_core.package_identification:_identify(src) by extensions ['python_setup_py']
[0.591s] Level 1:colcon.colcon_core.package_identification:_identify(src) by extension 'python_setup_py'
[0.591s] Level 1:colcon.colcon_core.package_identification:_identify(src/project3) by extensions ['ignore', 'ignore_ament_install']
[0.591s] Level 1:colcon.colcon_core.package_identification:_identify(src/project3) by extension 'ignore'
[0.592s] Level 1:colcon.colcon_core.package_identification:_identify(src/project3) by extension 'ignore_ament_install'
[0.592s] Level 1:colcon.colcon_core.package_identification:_identify(src/project3) by extensions ['colcon_pkg']
[0.592s] Level 1:colcon.colcon_core.package_identification:_identify(src/project3) by extension 'colcon_pkg'
[0.592s] Level 1:colcon.colcon_core.package_identification:_identify(src/project3) by extensions ['colcon_meta']
[0.592s] Level 1:colcon.colcon_core.package_identification:_identify(src/project3) by extension 'colcon_meta'
[0.592s] Level 1:colcon.colcon_core.package_identification:_identify(src/project3) by extensions ['ros']
[0.592s] Level 1:colcon.colcon_core.package_identification:_identify(src/project3) by extension 'ros'
[0.595s] DEBUG:colcon.colcon_core.package_identification:Package 'src/project3' with type 'ros.ament_python' and name 'project3'
[0.595s] Level 1:colcon.colcon_core.package_discovery:discover_packages(recursive) using defaults
[0.595s] Level 1:colcon.colcon_core.package_discovery:discover_packages(ignore) discover
[0.595s] Level 1:colcon.colcon_core.package_discovery:discover_packages(ignore) using defaults
[0.595s] Level 1:colcon.colcon_core.package_discovery:discover_packages(path) discover
[0.595s] Level 1:colcon.colcon_core.package_discovery:discover_packages(path) using defaults
[0.629s] Level 1:colcon.colcon_core.package_discovery:discover_packages(prefix_path) check parameters
[0.629s] Level 1:colcon.colcon_core.package_discovery:discover_packages(prefix_path) discover
[0.632s] DEBUG:colcon.colcon_installed_package_information.package_discovery:Found 1 installed packages in /home/cwduffy01/school/csce452/project3/ros2_ws/install
[0.634s] DEBUG:colcon.colcon_installed_package_information.package_discovery:Found 270 installed packages in /opt/ros/humble
[0.639s] Level 1:colcon.colcon_core.package_discovery:discover_packages(prefix_path) using defaults
[0.709s] Level 5:colcon.colcon_core.verb:set package 'project3' build argument 'cmake_args' from command line to 'None'
[0.709s] Level 5:colcon.colcon_core.verb:set package 'project3' build argument 'cmake_target' from command line to 'None'
[0.709s] Level 5:colcon.colcon_core.verb:set package 'project3' build argument 'cmake_target_skip_unavailable' from command line to 'False'
[0.709s] Level 5:colcon.colcon_core.verb:set package 'project3' build argument 'cmake_clean_cache' from command line to 'False'
[0.709s] Level 5:colcon.colcon_core.verb:set package 'project3' build argument 'cmake_clean_first' from command line to 'False'
[0.709s] Level 5:colcon.colcon_core.verb:set package 'project3' build argument 'cmake_force_configure' from command line to 'False'
[0.709s] Level 5:colcon.colcon_core.verb:set package 'project3' build argument 'ament_cmake_args' from command line to 'None'
[0.709s] Level 5:colcon.colcon_core.verb:set package 'project3' build argument 'catkin_cmake_args' from command line to 'None'
[0.709s] Level 5:colcon.colcon_core.verb:set package 'project3' build argument 'catkin_skip_building_tests' from command line to 'False'
[0.710s] DEBUG:colcon.colcon_core.verb:Building package 'project3' with the following arguments: {'ament_cmake_args': None, 'build_base': '/home/cwduffy01/school/csce452/project3/ros2_ws/build/project3', 'catkin_cmake_args': None, 'catkin_skip_building_tests': False, 'cmake_args': None, 'cmake_clean_cache': False, 'cmake_clean_first': False, 'cmake_force_configure': False, 'cmake_target': None, 'cmake_target_skip_unavailable': False, 'install_base': '/home/cwduffy01/school/csce452/project3/ros2_ws/install/project3', 'merge_install': False, 'path': '/home/cwduffy01/school/csce452/project3/ros2_ws/src/project3', 'symlink_install': False, 'test_result_base': None}
[0.710s] INFO:colcon.colcon_core.executor:Executing jobs using 'parallel' executor
[0.713s] DEBUG:colcon.colcon_parallel_executor.executor.parallel:run_until_complete
[0.713s] INFO:colcon.colcon_ros.task.ament_python.build:Building ROS package in '/home/cwduffy01/school/csce452/project3/ros2_ws/src/project3' with build type 'ament_python'
[0.714s] Level 1:colcon.colcon_core.shell:create_environment_hook('project3', 'ament_prefix_path')
[0.719s] INFO:colcon.colcon_core.plugin_system:Skipping extension 'colcon_core.shell.bat': Not used on non-Windows systems
[0.720s] INFO:colcon.colcon_core.shell:Creating environment hook '/home/cwduffy01/school/csce452/project3/ros2_ws/install/project3/share/project3/hook/ament_prefix_path.ps1'
[0.721s] INFO:colcon.colcon_core.shell:Creating environment descriptor '/home/cwduffy01/school/csce452/project3/ros2_ws/install/project3/share/project3/hook/ament_prefix_path.dsv'
[0.721s] INFO:colcon.colcon_core.shell:Creating environment hook '/home/cwduffy01/school/csce452/project3/ros2_ws/install/project3/share/project3/hook/ament_prefix_path.sh'
[0.723s] INFO:colcon.colcon_core.shell:Skip shell extension 'powershell' for command environment: Not usable outside of PowerShell
[0.724s] DEBUG:colcon.colcon_core.shell:Skip shell extension 'dsv' for command environment
[1.097s] INFO:colcon.colcon_core.task.python.build:Building Python package in '/home/cwduffy01/school/csce452/project3/ros2_ws/src/project3'
[1.098s] INFO:colcon.colcon_core.shell:Skip shell extension 'powershell' for command environment: Not usable outside of PowerShell
[1.099s] DEBUG:colcon.colcon_core.shell:Skip shell extension 'dsv' for command environment
[1.517s] DEBUG:colcon.colcon_core.event_handler.log_command:Invoking command in '/home/cwduffy01/school/csce452/project3/ros2_ws/src/project3': PYTHONPATH=/home/cwduffy01/school/csce452/project3/ros2_ws/build/project3/prefix_override:/home/cwduffy01/school/csce452/project3/ros2_ws/install/project3/lib/python3.10/site-packages:${PYTHONPATH} WSLENV=ELECTRON_RUN_AS_NODE/w:WT_SESSION::WT_PROFILE_ID /usr/bin/python3 setup.py egg_info --egg-base ../../build/project3 build --build-base /home/cwduffy01/school/csce452/project3/ros2_ws/build/project3/build install --record /home/cwduffy01/school/csce452/project3/ros2_ws/build/project3/install.log --single-version-externally-managed
[1.805s] DEBUG:colcon.colcon_core.event_handler.log_command:Invoked command in '/home/cwduffy01/school/csce452/project3/ros2_ws/src/project3' returned '0': PYTHONPATH=/home/cwduffy01/school/csce452/project3/ros2_ws/build/project3/prefix_override:/home/cwduffy01/school/csce452/project3/ros2_ws/install/project3/lib/python3.10/site-packages:${PYTHONPATH} WSLENV=ELECTRON_RUN_AS_NODE/w:WT_SESSION::WT_PROFILE_ID /usr/bin/python3 setup.py egg_info --egg-base ../../build/project3 build --build-base /home/cwduffy01/school/csce452/project3/ros2_ws/build/project3/build install --record /home/cwduffy01/school/csce452/project3/ros2_ws/build/project3/install.log --single-version-externally-managed
[1.809s] Level 1:colcon.colcon_core.environment:checking '/home/cwduffy01/school/csce452/project3/ros2_ws/install/project3' for CMake module files
[1.810s] Level 1:colcon.colcon_core.environment:checking '/home/cwduffy01/school/csce452/project3/ros2_ws/install/project3' for CMake config files
[1.811s] Level 1:colcon.colcon_core.environment:checking '/home/cwduffy01/school/csce452/project3/ros2_ws/install/project3/lib'
[1.811s] Level 1:colcon.colcon_core.environment:checking '/home/cwduffy01/school/csce452/project3/ros2_ws/install/project3/bin'
[1.811s] Level 1:colcon.colcon_core.environment:checking '/home/cwduffy01/school/csce452/project3/ros2_ws/install/project3/lib/pkgconfig/project3.pc'
[1.811s] Level 1:colcon.colcon_core.environment:checking '/home/cwduffy01/school/csce452/project3/ros2_ws/install/project3/lib/python3.10/site-packages'
[1.811s] Level 1:colcon.colcon_core.shell:create_environment_hook('project3', 'pythonpath')
[1.813s] INFO:colcon.colcon_core.shell:Creating environment hook '/home/cwduffy01/school/csce452/project3/ros2_ws/install/project3/share/project3/hook/pythonpath.ps1'
[1.813s] INFO:colcon.colcon_core.shell:Creating environment descriptor '/home/cwduffy01/school/csce452/project3/ros2_ws/install/project3/share/project3/hook/pythonpath.dsv'
[1.814s] INFO:colcon.colcon_core.shell:Creating environment hook '/home/cwduffy01/school/csce452/project3/ros2_ws/install/project3/share/project3/hook/pythonpath.sh'
[1.814s] Level 1:colcon.colcon_core.environment:checking '/home/cwduffy01/school/csce452/project3/ros2_ws/install/project3/bin'
[1.814s] Level 1:colcon.colcon_core.environment:create_environment_scripts_only(project3)
[1.816s] INFO:colcon.colcon_core.shell:Creating package script '/home/cwduffy01/school/csce452/project3/ros2_ws/install/project3/share/project3/package.ps1'
[1.817s] INFO:colcon.colcon_core.shell:Creating package descriptor '/home/cwduffy01/school/csce452/project3/ros2_ws/install/project3/share/project3/package.dsv'
[1.818s] INFO:colcon.colcon_core.shell:Creating package script '/home/cwduffy01/school/csce452/project3/ros2_ws/install/project3/share/project3/package.sh'
[1.820s] INFO:colcon.colcon_core.shell:Creating package script '/home/cwduffy01/school/csce452/project3/ros2_ws/install/project3/share/project3/package.bash'
[1.821s] INFO:colcon.colcon_core.shell:Creating package script '/home/cwduffy01/school/csce452/project3/ros2_ws/install/project3/share/project3/package.zsh'
[1.822s] Level 1:colcon.colcon_core.environment:create_file_with_runtime_dependencies(/home/cwduffy01/school/csce452/project3/ros2_ws/install/project3/share/colcon-core/packages/project3)
[1.823s] DEBUG:colcon.colcon_parallel_executor.executor.parallel:closing loop
[1.823s] DEBUG:colcon.colcon_parallel_executor.executor.parallel:loop closed
[1.823s] DEBUG:colcon.colcon_parallel_executor.executor.parallel:run_until_complete finished with '0'
[1.823s] DEBUG:colcon.colcon_core.event_reactor:joining thread
[1.897s] INFO:colcon.colcon_core.plugin_system:Skipping extension 'colcon_notification.desktop_notification.notify_send': Could not find 'notify-send'
[1.898s] INFO:colcon.colcon_core.plugin_system:Skipping extension 'colcon_notification.desktop_notification.terminal_notifier': Not used on non-Darwin systems
[1.898s] INFO:colcon.colcon_core.plugin_system:Skipping extension 'colcon_notification.desktop_notification.win32': Not used on non-Windows systems
[1.898s] INFO:colcon.colcon_notification.desktop_notification:Sending desktop notification using 'notify2'
[1.911s] DEBUG:colcon.colcon_notification.desktop_notification.notify2:Failed to initialize notify2: org.freedesktop.DBus.Error.ServiceUnknown: The name org.freedesktop.Notifications was not provided by any .service files
[1.912s] DEBUG:colcon.colcon_core.event_reactor:joined thread
[1.914s] INFO:colcon.colcon_core.shell:Creating prefix script '/home/cwduffy01/school/csce452/project3/ros2_ws/install/local_setup.ps1'
[1.915s] INFO:colcon.colcon_core.shell:Creating prefix util module '/home/cwduffy01/school/csce452/project3/ros2_ws/install/_local_setup_util_ps1.py'
[1.917s] INFO:colcon.colcon_core.shell:Creating prefix chain script '/home/cwduffy01/school/csce452/project3/ros2_ws/install/setup.ps1'
[1.919s] INFO:colcon.colcon_core.shell:Creating prefix script '/home/cwduffy01/school/csce452/project3/ros2_ws/install/local_setup.sh'
[1.919s] INFO:colcon.colcon_core.shell:Creating prefix util module '/home/cwduffy01/school/csce452/project3/ros2_ws/install/_local_setup_util_sh.py'
[1.920s] INFO:colcon.colcon_core.shell:Creating prefix chain script '/home/cwduffy01/school/csce452/project3/ros2_ws/install/setup.sh'
[1.923s] INFO:colcon.colcon_core.shell:Creating prefix script '/home/cwduffy01/school/csce452/project3/ros2_ws/install/local_setup.bash'
[1.923s] INFO:colcon.colcon_core.shell:Creating prefix chain script '/home/cwduffy01/school/csce452/project3/ros2_ws/install/setup.bash'
[1.925s] INFO:colcon.colcon_core.shell:Creating prefix script '/home/cwduffy01/school/csce452/project3/ros2_ws/install/local_setup.zsh'
[1.925s] INFO:colcon.colcon_core.shell:Creating prefix chain script '/home/cwduffy01/school/csce452/project3/ros2_ws/install/setup.zsh'
