[4.136s] Invoking command in '/home/cwduffy01/school/csce452/project3/ros2_ws/src/project3': PYTHONPATH=/home/cwduffy01/school/csce452/project3/ros2_ws/build/project3/prefix_override:/home/cwduffy01/school/csce452/project3/ros2_ws/install/project3/lib/python3.10/site-packages:${PYTHONPATH} WSLENV=ELECTRON_RUN_AS_NODE/w:WT_SESSION::WT_PROFILE_ID /usr/bin/python3 setup.py egg_info --egg-base ../../build/project3 build --build-base /home/cwduffy01/school/csce452/project3/ros2_ws/build/project3/build install --record /home/cwduffy01/school/csce452/project3/ros2_ws/build/project3/install.log --single-version-externally-managed
[4.795s] running egg_info
[4.800s] writing ../../build/project3/project3.egg-info/PKG-INFO
[4.802s] writing dependency_links to ../../build/project3/project3.egg-info/dependency_links.txt
[4.803s] writing entry points to ../../build/project3/project3.egg-info/entry_points.txt
[4.803s] writing requirements to ../../build/project3/project3.egg-info/requires.txt
[4.803s] writing top-level names to ../../build/project3/project3.egg-info/top_level.txt
[4.820s] reading manifest file '../../build/project3/project3.egg-info/SOURCES.txt'
[4.826s] writing manifest file '../../build/project3/project3.egg-info/SOURCES.txt'
[4.828s] running build
[4.829s] running build_py
[4.830s] running install
[4.833s] /usr/lib/python3/dist-packages/setuptools/command/install.py:34: SetuptoolsDeprecationWarning: setup.py install is deprecated. Use build and pip and other standards-based tools.
[4.833s]   warnings.warn(
[4.834s] running install_lib
[4.844s] running install_data
[4.848s] copying launch/launch.py -> /home/cwduffy01/school/csce452/project3/ros2_ws/install/project3/share/project3
[4.849s] running install_egg_info
[4.855s] removing '/home/cwduffy01/school/csce452/project3/ros2_ws/install/project3/lib/python3.10/site-packages/project3-0.0.0-py3.10.egg-info' (and everything under it)
[4.858s] Copying ../../build/project3/project3.egg-info to /home/cwduffy01/school/csce452/project3/ros2_ws/install/project3/lib/python3.10/site-packages/project3-0.0.0-py3.10.egg-info
[4.867s] running install_scripts
[4.967s] Installing track script to /home/cwduffy01/school/csce452/project3/ros2_ws/install/project3/lib/project3
[4.970s] writing list of installed files to '/home/cwduffy01/school/csce452/project3/ros2_ws/build/project3/install.log'
[5.255s] Invoked command in '/home/cwduffy01/school/csce452/project3/ros2_ws/src/project3' returned '0': PYTHONPATH=/home/cwduffy01/school/csce452/project3/ros2_ws/build/project3/prefix_override:/home/cwduffy01/school/csce452/project3/ros2_ws/install/project3/lib/python3.10/site-packages:${PYTHONPATH} WSLENV=ELECTRON_RUN_AS_NODE/w:WT_SESSION::WT_PROFILE_ID /usr/bin/python3 setup.py egg_info --egg-base ../../build/project3 build --build-base /home/cwduffy01/school/csce452/project3/ros2_ws/build/project3/build install --record /home/cwduffy01/school/csce452/project3/ros2_ws/build/project3/install.log --single-version-externally-managed
