running egg_info
creating ../../build/project3/project3.egg-info
writing ../../build/project3/project3.egg-info/PKG-INFO
writing dependency_links to ../../build/project3/project3.egg-info/dependency_links.txt
writing entry points to ../../build/project3/project3.egg-info/entry_points.txt
writing requirements to ../../build/project3/project3.egg-info/requires.txt
writing top-level names to ../../build/project3/project3.egg-info/top_level.txt
writing manifest file '../../build/project3/project3.egg-info/SOURCES.txt'
reading manifest file '../../build/project3/project3.egg-info/SOURCES.txt'
writing manifest file '../../build/project3/project3.egg-info/SOURCES.txt'
running build
running build_py
copying project3/people.py -> /home/msappington11/ros2_ws/csce452-project3/build/project3/build/lib/project3
copying project3/track.py -> /home/msappington11/ros2_ws/csce452-project3/build/project3/build/lib/project3
copying project3/__init__.py -> /home/msappington11/ros2_ws/csce452-project3/build/project3/build/lib/project3
running install
running install_lib
copying /home/msappington11/ros2_ws/csce452-project3/build/project3/build/lib/project3/people.py -> /home/msappington11/ros2_ws/csce452-project3/install/project3/lib/python3.10/site-packages/project3
copying /home/msappington11/ros2_ws/csce452-project3/build/project3/build/lib/project3/track.py -> /home/msappington11/ros2_ws/csce452-project3/install/project3/lib/python3.10/site-packages/project3
copying /home/msappington11/ros2_ws/csce452-project3/build/project3/build/lib/project3/__init__.py -> /home/msappington11/ros2_ws/csce452-project3/install/project3/lib/python3.10/site-packages/project3
byte-compiling /home/msappington11/ros2_ws/csce452-project3/install/project3/lib/python3.10/site-packages/project3/people.py to people.cpython-310.pyc
byte-compiling /home/msappington11/ros2_ws/csce452-project3/install/project3/lib/python3.10/site-packages/project3/track.py to track.cpython-310.pyc
byte-compiling /home/msappington11/ros2_ws/csce452-project3/install/project3/lib/python3.10/site-packages/project3/__init__.py to __init__.cpython-310.pyc
running install_data
creating /home/msappington11/ros2_ws/csce452-project3/install/project3/share/ament_index
creating /home/msappington11/ros2_ws/csce452-project3/install/project3/share/ament_index/resource_index
creating /home/msappington11/ros2_ws/csce452-project3/install/project3/share/ament_index/resource_index/packages
copying resource/project3 -> /home/msappington11/ros2_ws/csce452-project3/install/project3/share/ament_index/resource_index/packages
copying package.xml -> /home/msappington11/ros2_ws/csce452-project3/install/project3/share/project3
copying launch/launch.py -> /home/msappington11/ros2_ws/csce452-project3/install/project3/share/project3
running install_egg_info
Copying ../../build/project3/project3.egg-info to /home/msappington11/ros2_ws/csce452-project3/install/project3/lib/python3.10/site-packages/project3-0.0.0-py3.10.egg-info
running install_scripts
Installing people script to /home/msappington11/ros2_ws/csce452-project3/install/project3/lib/project3
Installing track script to /home/msappington11/ros2_ws/csce452-project3/install/project3/lib/project3
writing list of installed files to '/home/msappington11/ros2_ws/csce452-project3/build/project3/install.log'
