[0.640s] Invoking command in '/home/msappington11/ros2_ws/csce452-project3/src/project3': PYTHONPATH=/home/msappington11/ros2_ws/csce452-project3/build/project3/prefix_override:/home/msappington11/ros2_ws/csce452-project3/install/project3/lib/python3.10/site-packages:${PYTHONPATH} WSLENV=ELECTRON_RUN_AS_NODE/w: /usr/bin/python3 setup.py egg_info --egg-base ../../build/project3 build --build-base /home/msappington11/ros2_ws/csce452-project3/build/project3/build install --record /home/msappington11/ros2_ws/csce452-project3/build/project3/install.log --single-version-externally-managed
[0.867s] running egg_info
[0.868s] creating ../../build/project3/project3.egg-info
[0.868s] writing ../../build/project3/project3.egg-info/PKG-INFO
[0.868s] writing dependency_links to ../../build/project3/project3.egg-info/dependency_links.txt
[0.868s] writing entry points to ../../build/project3/project3.egg-info/entry_points.txt
[0.869s] writing requirements to ../../build/project3/project3.egg-info/requires.txt
[0.869s] writing top-level names to ../../build/project3/project3.egg-info/top_level.txt
[0.869s] writing manifest file '../../build/project3/project3.egg-info/SOURCES.txt'
[0.871s] reading manifest file '../../build/project3/project3.egg-info/SOURCES.txt'
[0.872s] writing manifest file '../../build/project3/project3.egg-info/SOURCES.txt'
[0.872s] running build
[0.872s] running build_py
[0.872s] copying project3/people.py -> /home/msappington11/ros2_ws/csce452-project3/build/project3/build/lib/project3
[0.872s] copying project3/track.py -> /home/msappington11/ros2_ws/csce452-project3/build/project3/build/lib/project3
[0.873s] copying project3/__init__.py -> /home/msappington11/ros2_ws/csce452-project3/build/project3/build/lib/project3
[0.873s] /usr/lib/python3/dist-packages/setuptools/command/install.py:34: SetuptoolsDeprecationWarning: setup.py install is deprecated. Use build and pip and other standards-based tools.
[0.873s]   warnings.warn(
[0.873s] running install
[0.873s] running install_lib
[0.874s] copying /home/msappington11/ros2_ws/csce452-project3/build/project3/build/lib/project3/people.py -> /home/msappington11/ros2_ws/csce452-project3/install/project3/lib/python3.10/site-packages/project3
[0.874s] copying /home/msappington11/ros2_ws/csce452-project3/build/project3/build/lib/project3/track.py -> /home/msappington11/ros2_ws/csce452-project3/install/project3/lib/python3.10/site-packages/project3
[0.874s] copying /home/msappington11/ros2_ws/csce452-project3/build/project3/build/lib/project3/__init__.py -> /home/msappington11/ros2_ws/csce452-project3/install/project3/lib/python3.10/site-packages/project3
[0.875s] byte-compiling /home/msappington11/ros2_ws/csce452-project3/install/project3/lib/python3.10/site-packages/project3/people.py to people.cpython-310.pyc
[0.876s] byte-compiling /home/msappington11/ros2_ws/csce452-project3/install/project3/lib/python3.10/site-packages/project3/track.py to track.cpython-310.pyc
[0.877s] byte-compiling /home/msappington11/ros2_ws/csce452-project3/install/project3/lib/python3.10/site-packages/project3/__init__.py to __init__.cpython-310.pyc
[0.877s] running install_data
[0.877s] creating /home/msappington11/ros2_ws/csce452-project3/install/project3/share/ament_index
[0.878s] creating /home/msappington11/ros2_ws/csce452-project3/install/project3/share/ament_index/resource_index
[0.878s] creating /home/msappington11/ros2_ws/csce452-project3/install/project3/share/ament_index/resource_index/packages
[0.878s] copying resource/project3 -> /home/msappington11/ros2_ws/csce452-project3/install/project3/share/ament_index/resource_index/packages
[0.878s] copying package.xml -> /home/msappington11/ros2_ws/csce452-project3/install/project3/share/project3
[0.878s] copying launch/launch.py -> /home/msappington11/ros2_ws/csce452-project3/install/project3/share/project3
[0.878s] running install_egg_info
[0.880s] Copying ../../build/project3/project3.egg-info to /home/msappington11/ros2_ws/csce452-project3/install/project3/lib/python3.10/site-packages/project3-0.0.0-py3.10.egg-info
[0.880s] running install_scripts
[0.898s] Installing people script to /home/msappington11/ros2_ws/csce452-project3/install/project3/lib/project3
[0.899s] Installing track script to /home/msappington11/ros2_ws/csce452-project3/install/project3/lib/project3
[0.899s] writing list of installed files to '/home/msappington11/ros2_ws/csce452-project3/build/project3/install.log'
[0.927s] Invoked command in '/home/msappington11/ros2_ws/csce452-project3/src/project3' returned '0': PYTHONPATH=/home/msappington11/ros2_ws/csce452-project3/build/project3/prefix_override:/home/msappington11/ros2_ws/csce452-project3/install/project3/lib/python3.10/site-packages:${PYTHONPATH} WSLENV=ELECTRON_RUN_AS_NODE/w: /usr/bin/python3 setup.py egg_info --egg-base ../../build/project3 build --build-base /home/msappington11/ros2_ws/csce452-project3/build/project3/build install --record /home/msappington11/ros2_ws/csce452-project3/build/project3/install.log --single-version-externally-managed
