[0.855s] Invoking command in '/home/msappington11/ros2_ws/csce452-project3/src/project3': PYTHONPATH=/home/msappington11/ros2_ws/csce452-project3/build/project3/prefix_override:/home/msappington11/ros2_ws/csce452-project3/install/project3/lib/python3.10/site-packages:${PYTHONPATH} WSLENV=ELECTRON_RUN_AS_NODE/w: /usr/bin/python3 setup.py egg_info --egg-base ../../build/project3 build --build-base /home/msappington11/ros2_ws/csce452-project3/build/project3/build install --record /home/msappington11/ros2_ws/csce452-project3/build/project3/install.log --single-version-externally-managed
[1.155s] running egg_info
[1.160s] writing ../../build/project3/project3.egg-info/PKG-INFO
[1.174s] writing dependency_links to ../../build/project3/project3.egg-info/dependency_links.txt
[1.175s] writing entry points to ../../build/project3/project3.egg-info/entry_points.txt
[1.180s] writing requirements to ../../build/project3/project3.egg-info/requires.txt
[1.181s] writing top-level names to ../../build/project3/project3.egg-info/top_level.txt
[1.183s] reading manifest file '../../build/project3/project3.egg-info/SOURCES.txt'
[1.187s] writing manifest file '../../build/project3/project3.egg-info/SOURCES.txt'
[1.187s] running build
[1.187s] running build_py
[1.187s] copying project3/people.py -> /home/msappington11/ros2_ws/csce452-project3/build/project3/build/lib/project3
[1.188s] copying project3/track.py -> /home/msappington11/ros2_ws/csce452-project3/build/project3/build/lib/project3
[1.189s] copying project3/__init__.py -> /home/msappington11/ros2_ws/csce452-project3/build/project3/build/lib/project3
[1.189s] running install
[1.190s] /usr/lib/python3/dist-packages/setuptools/command/install.py:34: SetuptoolsDeprecationWarning: setup.py install is deprecated. Use build and pip and other standards-based tools.
[1.190s]   warnings.warn(
[1.190s] running install_lib
[1.191s] copying /home/msappington11/ros2_ws/csce452-project3/build/project3/build/lib/project3/people.py -> /home/msappington11/ros2_ws/csce452-project3/install/project3/lib/python3.10/site-packages/project3
[1.192s] copying /home/msappington11/ros2_ws/csce452-project3/build/project3/build/lib/project3/track.py -> /home/msappington11/ros2_ws/csce452-project3/install/project3/lib/python3.10/site-packages/project3
[1.193s] copying /home/msappington11/ros2_ws/csce452-project3/build/project3/build/lib/project3/__init__.py -> /home/msappington11/ros2_ws/csce452-project3/install/project3/lib/python3.10/site-packages/project3
[1.194s] byte-compiling /home/msappington11/ros2_ws/csce452-project3/install/project3/lib/python3.10/site-packages/project3/people.py to people.cpython-310.pyc
[1.196s] byte-compiling /home/msappington11/ros2_ws/csce452-project3/install/project3/lib/python3.10/site-packages/project3/track.py to track.cpython-310.pyc
[1.197s] byte-compiling /home/msappington11/ros2_ws/csce452-project3/install/project3/lib/python3.10/site-packages/project3/__init__.py to __init__.cpython-310.pyc
[1.198s] running install_data
[1.199s] copying resource/project3 -> /home/msappington11/ros2_ws/csce452-project3/install/project3/share/ament_index/resource_index/packages
[1.199s] copying package.xml -> /home/msappington11/ros2_ws/csce452-project3/install/project3/share/project3
[1.200s] copying launch/launch.py -> /home/msappington11/ros2_ws/csce452-project3/install/project3/share/project3
[1.200s] running install_egg_info
[1.202s] removing '/home/msappington11/ros2_ws/csce452-project3/install/project3/lib/python3.10/site-packages/project3-0.0.0-py3.10.egg-info' (and everything under it)
[1.207s] Copying ../../build/project3/project3.egg-info to /home/msappington11/ros2_ws/csce452-project3/install/project3/lib/python3.10/site-packages/project3-0.0.0-py3.10.egg-info
[1.209s] running install_scripts
[1.234s] Installing people script to /home/msappington11/ros2_ws/csce452-project3/install/project3/lib/project3
[1.234s] Installing track script to /home/msappington11/ros2_ws/csce452-project3/install/project3/lib/project3
[1.234s] writing list of installed files to '/home/msappington11/ros2_ws/csce452-project3/build/project3/install.log'
[1.274s] Invoked command in '/home/msappington11/ros2_ws/csce452-project3/src/project3' returned '0': PYTHONPATH=/home/msappington11/ros2_ws/csce452-project3/build/project3/prefix_override:/home/msappington11/ros2_ws/csce452-project3/install/project3/lib/python3.10/site-packages:${PYTHONPATH} WSLENV=ELECTRON_RUN_AS_NODE/w: /usr/bin/python3 setup.py egg_info --egg-base ../../build/project3 build --build-base /home/msappington11/ros2_ws/csce452-project3/build/project3/build install --record /home/msappington11/ros2_ws/csce452-project3/build/project3/install.log --single-version-externally-managed
