running egg_info
writing ../../build/project3/project3.egg-info/PKG-INFO
writing dependency_links to ../../build/project3/project3.egg-info/dependency_links.txt
writing entry points to ../../build/project3/project3.egg-info/entry_points.txt
writing requirements to ../../build/project3/project3.egg-info/requires.txt
writing top-level names to ../../build/project3/project3.egg-info/top_level.txt
reading manifest file '../../build/project3/project3.egg-info/SOURCES.txt'
writing manifest file '../../build/project3/project3.egg-info/SOURCES.txt'
running build
running build_py
copying project3/track.py -> /home/cwduffy01/school/csce452/project3/ros2_ws/build/project3/build/lib/project3
running install
running install_lib
copying /home/cwduffy01/school/csce452/project3/ros2_ws/build/project3/build/lib/project3/track.py -> /home/cwduffy01/school/csce452/project3/ros2_ws/install/project3/lib/python3.10/site-packages/project3
byte-compiling /home/cwduffy01/school/csce452/project3/ros2_ws/install/project3/lib/python3.10/site-packages/project3/track.py to track.cpython-310.pyc
running install_data
copying package.xml -> /home/cwduffy01/school/csce452/project3/ros2_ws/install/project3/share/project3
running install_egg_info
removing '/home/cwduffy01/school/csce452/project3/ros2_ws/install/project3/lib/python3.10/site-packages/project3-0.0.0-py3.10.egg-info' (and everything under it)
Copying ../../build/project3/project3.egg-info to /home/cwduffy01/school/csce452/project3/ros2_ws/install/project3/lib/python3.10/site-packages/project3-0.0.0-py3.10.egg-info
running install_scripts
Installing track script to /home/cwduffy01/school/csce452/project3/ros2_ws/install/project3/lib/project3
writing list of installed files to '/home/cwduffy01/school/csce452/project3/ros2_ws/build/project3/install.log'
