[0.972s] Invoking command in '/home/msappington11/ros2_ws/csce452-project3/src/project3': PYTHONPATH=/home/msappington11/ros2_ws/csce452-project3/build/project3/prefix_override:/home/msappington11/ros2_ws/csce452-project3/install/project3/lib/python3.10/site-packages:${PYTHONPATH} WSLENV=ELECTRON_RUN_AS_NODE/w: /usr/bin/python3 setup.py egg_info --egg-base ../../build/project3 build --build-base /home/msappington11/ros2_ws/csce452-project3/build/project3/build install --record /home/msappington11/ros2_ws/csce452-project3/build/project3/install.log --single-version-externally-managed
[1.248s] running egg_info
[1.249s] writing ../../build/project3/project3.egg-info/PKG-INFO
[1.250s] writing dependency_links to ../../build/project3/project3.egg-info/dependency_links.txt
[1.250s] writing entry points to ../../build/project3/project3.egg-info/entry_points.txt
[1.250s] writing requirements to ../../build/project3/project3.egg-info/requires.txt
[1.250s] writing top-level names to ../../build/project3/project3.egg-info/top_level.txt
[1.252s] reading manifest file '../../build/project3/project3.egg-info/SOURCES.txt'
[1.252s] writing manifest file '../../build/project3/project3.egg-info/SOURCES.txt'
[1.253s] running build
[1.253s] running build_py
[1.253s] copying project3/people.py -> /home/msappington11/ros2_ws/csce452-project3/build/project3/build/lib/project3
[1.255s] running install
[1.255s] /usr/lib/python3/dist-packages/setuptools/command/install.py:34: SetuptoolsDeprecationWarning: setup.py install is deprecated. Use build and pip and other standards-based tools.
[1.256s]   warnings.warn(
[1.257s] running install_lib
[1.258s] copying /home/msappington11/ros2_ws/csce452-project3/build/project3/build/lib/project3/people.py -> /home/msappington11/ros2_ws/csce452-project3/install/project3/lib/python3.10/site-packages/project3
[1.259s] byte-compiling /home/msappington11/ros2_ws/csce452-project3/install/project3/lib/python3.10/site-packages/project3/people.py to people.cpython-310.pyc
[1.260s] running install_data
[1.261s] running install_egg_info
[1.263s] removing '/home/msappington11/ros2_ws/csce452-project3/install/project3/lib/python3.10/site-packages/project3-0.0.0-py3.10.egg-info' (and everything under it)
[1.264s] Copying ../../build/project3/project3.egg-info to /home/msappington11/ros2_ws/csce452-project3/install/project3/lib/python3.10/site-packages/project3-0.0.0-py3.10.egg-info
[1.265s] running install_scripts
[1.286s] Installing people script to /home/msappington11/ros2_ws/csce452-project3/install/project3/lib/project3
[1.287s] Installing track script to /home/msappington11/ros2_ws/csce452-project3/install/project3/lib/project3
[1.288s] writing list of installed files to '/home/msappington11/ros2_ws/csce452-project3/build/project3/install.log'
[1.335s] Invoked command in '/home/msappington11/ros2_ws/csce452-project3/src/project3' returned '0': PYTHONPATH=/home/msappington11/ros2_ws/csce452-project3/build/project3/prefix_override:/home/msappington11/ros2_ws/csce452-project3/install/project3/lib/python3.10/site-packages:${PYTHONPATH} WSLENV=ELECTRON_RUN_AS_NODE/w: /usr/bin/python3 setup.py egg_info --egg-base ../../build/project3 build --build-base /home/msappington11/ros2_ws/csce452-project3/build/project3/build install --record /home/msappington11/ros2_ws/csce452-project3/build/project3/install.log --single-version-externally-managed
